<?xml version="1.0" encoding="utf-8"?><testsuites name="pytest tests"><testsuite name="pytest" errors="0" failures="0" skipped="0" tests="14" time="19.238" timestamp="2026-07-03T13:41:11.706863+00:00" hostname="agent-env-d5e27b6a-5328-4a2c-8aed-082e069798dc"><testcase classname="backend.tests.test_iter20_self_deliver_refactor" name="test_health_ok" time="4.856" /><testcase classname="backend.tests.test_iter20_self_deliver_refactor" name="test_rest_self_deliver_complete_empty_body_success" time="7.057" /><testcase classname="backend.tests.test_iter20_self_deliver_refactor" name="test_rest_self_deliver_complete_admin_managed_400" time="0.556" /><testcase classname="backend.tests.test_iter20_self_deliver_refactor" name="test_rest_self_deliver_complete_wrong_status_400" time="0.556" /><testcase classname="backend.tests.test_iter20_self_deliver_refactor" name="test_split_self_deliver_complete_empty_body_success" time="0.843" /><testcase classname="backend.tests.test_iter20_self_deliver_refactor" name="test_split_self_deliver_complete_admin_managed_400" time="0.535" /><testcase classname="backend.tests.test_iter20_self_deliver_refactor" name="test_split_self_deliver_complete_wrong_status_400" time="0.561" /><testcase classname="backend.tests.test_iter20_self_deliver_refactor" name="test_split_self_deliver_start_deprecated_noop" time="0.720" /><testcase classname="backend.tests.test_iter20_self_deliver_refactor" name="test_rest_self_deliver_start_deprecated_noop" time="0.512" /><testcase classname="backend.tests.test_iter20_self_deliver_refactor" name="test_driver_location_seller_now_forbidden" time="0.304" /><testcase classname="backend.tests.test_iter20_self_deliver_refactor" name="test_driver_location_driver_ok" time="0.551" /><testcase classname="backend.tests.test_iter20_self_deliver_refactor" name="test_driver_location_customer_forbidden" time="0.309" /><testcase classname="backend.tests.test_iter20_self_deliver_refactor" name="test_seller_rest_cod_redaction" time="0.612" /><testcase classname="backend.tests.test_iter20_self_deliver_refactor" name="test_seller_earning_includes_delivery_only_for_seller_managed" time="1.056" /></testsuite></testsuites>