<?xml version="1.0" encoding="utf-8"?><testsuites name="pytest tests"><testsuite name="pytest" errors="0" failures="2" skipped="0" tests="22" time="29.340" timestamp="2026-07-07T21:35:54.500495+00:00" hostname="agent-env-d5e27b6a-5328-4a2c-8aed-082e069798dc"><testcase classname="backend.tests.test_iter25_kitchen_eta_logo.TestAdminRegression" name="test_admin_login_200" time="3.451" /><testcase classname="backend.tests.test_iter25_kitchen_eta_logo.TestAdminRegression" name="test_odoo_pending_200" time="0.686" /><testcase classname="backend.tests.test_iter25_kitchen_eta_logo.TestKitchenActionsRestaurantOrders" name="test_accept" time="3.743" /><testcase classname="backend.tests.test_iter25_kitchen_eta_logo.TestKitchenActionsRestaurantOrders" name="test_preparing" time="0.681" /><testcase classname="backend.tests.test_iter25_kitchen_eta_logo.TestKitchenActionsRestaurantOrders" name="test_ready" time="0.693" /><testcase classname="backend.tests.test_iter25_kitchen_eta_logo.TestKitchenActionsRestaurantOrders" name="test_complete" time="0.686" /><testcase classname="backend.tests.test_iter25_kitchen_eta_logo.TestKitchenActionsRestaurantOrders" name="test_cancel" time="0.691" /><testcase classname="backend.tests.test_iter25_kitchen_eta_logo.TestKitchenActionAuth" name="test_missing_token_401" time="0.168" /><testcase classname="backend.tests.test_iter25_kitchen_eta_logo.TestKitchenActionAuth" name="test_invalid_token_403" time="0.262" /><testcase classname="backend.tests.test_iter25_kitchen_eta_logo.TestKitchenActionAuth" name="test_invalid_action_400" time="0.257" /><testcase classname="backend.tests.test_iter25_kitchen_eta_logo.TestKitchenActionAuth" name="test_missing_order_id_400" time="0.262" /><testcase classname="backend.tests.test_iter25_kitchen_eta_logo.TestKitchenActionAuth" name="test_unknown_order_id_404" time="0.471" /><testcase classname="backend.tests.test_iter25_kitchen_eta_logo.TestKitchenActionAuth" name="test_sub_order_missing_404" time="0.470" /><testcase classname="backend.tests.test_iter25_kitchen_eta_logo.TestKitchenActionSplit" name="test_split_accept" time="0.687" /><testcase classname="backend.tests.test_iter25_kitchen_eta_logo.TestReceiptLogoAndEtaPersistence" name="test_restaurant_put_persists_new_fields" time="1.155"><failure message="AssertionError: {'id': 'TEST_iter25_87eae58a_rest_upd_a', 'seller_id': '94246006-ab68-48a5-b836-470e4c0bbc87', 'name': 'TEST_RestUpd', 'area': 'Juba', ...}&#10;assert None is True&#10; +  where None = &lt;built-in method get of dict object at 0xff15e8d3e800&gt;('receipt_show_logo')&#10; +    where &lt;built-in method get of dict object at 0xff15e8d3e800&gt; = {'id': 'TEST_iter25_87eae58a_rest_upd_a', 'seller_id': '94246006-ab68-48a5-b836-470e4c0bbc87', 'name': 'TEST_RestUpd', 'area': 'Juba', ...}.get">backend/tests/test_iter25_kitchen_eta_logo.py:322: in test_restaurant_put_persists_new_fields
    assert g.get("receipt_show_logo") is True, g
E   AssertionError: {'id': 'TEST_iter25_87eae58a_rest_upd_a', 'seller_id': '94246006-ab68-48a5-b836-470e4c0bbc87', 'name': 'TEST_RestUpd', 'area': 'Juba', ...}
E   assert None is True
E    +  where None = &lt;built-in method get of dict object at 0xff15e8d3e800&gt;('receipt_show_logo')
E    +    where &lt;built-in method get of dict object at 0xff15e8d3e800&gt; = {'id': 'TEST_iter25_87eae58a_rest_upd_a', 'seller_id': '94246006-ab68-48a5-b836-470e4c0bbc87', 'name': 'TEST_RestUpd', 'area': 'Juba', ...}.get</failure></testcase><testcase classname="backend.tests.test_iter25_kitchen_eta_logo.TestReceiptLogoAndEtaPersistence" name="test_restaurant_put_eta_fixed" time="1.151"><failure message="AssertionError: assert None == 'fixed'&#10; +  where None = &lt;built-in method get of dict object at 0xff15e8d25540&gt;('eta_mode')&#10; +    where &lt;built-in method get of dict object at 0xff15e8d25540&gt; = {'id': 'TEST_iter25_87eae58a_rest_upd_b', 'seller_id': '94246006-ab68-48a5-b836-470e4c0bbc87', 'name': 'TEST_RestUpd2', 'area': 'Juba', ...}.get">backend/tests/test_iter25_kitchen_eta_logo.py:340: in test_restaurant_put_eta_fixed
    assert g.get("eta_mode") == "fixed"
E   AssertionError: assert None == 'fixed'
E    +  where None = &lt;built-in method get of dict object at 0xff15e8d25540&gt;('eta_mode')
E    +    where &lt;built-in method get of dict object at 0xff15e8d25540&gt; = {'id': 'TEST_iter25_87eae58a_rest_upd_b', 'seller_id': '94246006-ab68-48a5-b836-470e4c0bbc87', 'name': 'TEST_RestUpd2', 'area': 'Juba', ...}.get</failure></testcase><testcase classname="backend.tests.test_iter25_kitchen_eta_logo.TestReceiptLogoAndEtaPersistence" name="test_shop_put_persists_new_fields" time="0.690" /><testcase classname="backend.tests.test_iter25_kitchen_eta_logo.TestEnrichReceiptAndEta" name="test_splits_get_receipt_logo_and_eta" time="1.100" /><testcase classname="backend.tests.test_iter25_kitchen_eta_logo.TestEnrichReceiptAndEta" name="test_restaurant_orders_cod_get_snapshots" time="1.101" /><testcase classname="backend.tests.test_iter25_kitchen_eta_logo.TestProductsInStockFirst" name="test_in_stock_before_out_of_stock" time="1.099" /><testcase classname="backend.tests.test_iter25_kitchen_eta_logo.TestRegressions" name="test_analytics_by_channel_shape" time="0.784" /><testcase classname="backend.tests.test_iter25_kitchen_eta_logo.TestRegressions" name="test_orders_mine_exchange_rate_ssp" time="8.851" /></testsuite></testsuites>