<?xml version="1.0" encoding="utf-8"?><testsuites name="pytest tests"><testsuite name="pytest" errors="0" failures="0" skipped="0" tests="9" time="3.566" timestamp="2026-05-13T17:46:58.979126+00:00" hostname="agent-env-91251a04-ec49-4a17-b4b6-302a5b123dcc"><testcase classname="backend.tests.test_iter10_features.TestAdminAlerts" name="test_alerts_schema" time="0.758" /><testcase classname="backend.tests.test_iter10_features.TestDriverCashSummary" name="test_cash_summary_schema" time="0.510" /><testcase classname="backend.tests.test_iter10_features.TestDriverCashSummary" name="test_cash_summary_requires_driver_auth" time="0.114" /><testcase classname="backend.tests.test_iter10_features.TestDeliveryPricingRulesCRUD" name="test_list_then_create_update_delete" time="0.907" /><testcase classname="backend.tests.test_iter10_features.TestDefaultDeliveryFee" name="test_get_then_set" time="0.624" /><testcase classname="backend.tests.test_iter10_features.TestRegressionCashAndPayouts" name="test_cash_handovers_listing" time="0.125" /><testcase classname="backend.tests.test_iter10_features.TestRegressionCashAndPayouts" name="test_payouts_listing" time="0.167" /><testcase classname="backend.tests.test_iter10_features.TestRegressionCustomerCancelRoutes" name="test_marketplace_cancel_route_registered" time="0.137" /><testcase classname="backend.tests.test_iter10_features.TestRegressionCustomerCancelRoutes" name="test_restaurant_cancel_route_registered" time="0.144" /></testsuite></testsuites>