<?xml version="1.0" encoding="utf-8"?><testsuites name="pytest tests"><testsuite name="pytest" errors="0" failures="0" skipped="0" tests="19" time="47.869" timestamp="2026-07-08T19:02:32.867660+00:00" hostname="agent-env-d5e27b6a-5328-4a2c-8aed-082e069798dc"><testcase classname="backend.tests.test_iter29_soft_cascade_delete.TestHealthAuth" name="test_health" time="0.300" /><testcase classname="backend.tests.test_iter29_soft_cascade_delete.TestHealthAuth" name="test_admin_login" time="0.907" /><testcase classname="backend.tests.test_iter29_soft_cascade_delete.TestDeletePreview" name="test_customer_can_favorite_shop_and_product" time="9.549" /><testcase classname="backend.tests.test_iter29_soft_cascade_delete.TestDeletePreview" name="test_delete_preview_returns_counts" time="1.822" /><testcase classname="backend.tests.test_iter29_soft_cascade_delete.TestSoftDelete" name="test_delete_returns_soft_shape" time="1.957" /><testcase classname="backend.tests.test_iter29_soft_cascade_delete.TestSoftDelete" name="test_soft_deleted_seller_cannot_login" time="0.566" /><testcase classname="backend.tests.test_iter29_soft_cascade_delete.TestSoftDelete" name="test_user_record_retained_and_anonymized" time="0.103" /><testcase classname="backend.tests.test_iter29_soft_cascade_delete.TestSoftDelete" name="test_admin_users_default_excludes_deleted" time="0.568" /><testcase classname="backend.tests.test_iter29_soft_cascade_delete.TestSoftDelete" name="test_admin_users_include_deleted_shows_them" time="0.566" /><testcase classname="backend.tests.test_iter29_soft_cascade_delete.TestSoftDelete" name="test_shops_soft_flagged_not_public" time="0.362" /><testcase classname="backend.tests.test_iter29_soft_cascade_delete.TestSoftDelete" name="test_restaurants_soft_flagged_not_public" time="0.357" /><testcase classname="backend.tests.test_iter29_soft_cascade_delete.TestSoftDelete" name="test_products_soft_flagged_not_public" time="0.880" /><testcase classname="backend.tests.test_iter29_soft_cascade_delete.TestSoftDelete" name="test_menu_items_soft_flagged" time="0.103" /><testcase classname="backend.tests.test_iter29_soft_cascade_delete.TestSoftDelete" name="test_historical_splits_retained" time="0.103" /><testcase classname="backend.tests.test_iter29_soft_cascade_delete.TestSoftDelete" name="test_favorites_wiped_for_deleted_user" time="0.112" /><testcase classname="backend.tests.test_iter29_soft_cascade_delete.TestBulkDelete" name="test_bulk_delete_two_users" time="6.585" /><testcase classname="backend.tests.test_iter29_soft_cascade_delete.TestRegression" name="test_favorites_get_still_works" time="0.562" /><testcase classname="backend.tests.test_iter29_soft_cascade_delete.TestRegression" name="test_bogo_promo_still_computes" time="6.061" /><testcase classname="backend.tests.test_iter29_soft_cascade_delete.TestRegression" name="test_ltg_toggle_still_works" time="16.259" /></testsuite></testsuites>