<?xml version="1.0" encoding="utf-8"?><testsuites name="pytest tests"><testsuite name="pytest" errors="0" failures="0" skipped="0" tests="21" time="7.867" timestamp="2026-05-06T16:43:01.753296+00:00" hostname="agent-env-e1801a5a-4262-4f52-b702-47e73634244c"><testcase classname="backend.tests.test_iter5_features.TestShopStorefrontFields" name="test_put_persists_new_fields" time="1.669" /><testcase classname="backend.tests.test_iter5_features.TestShopStorefrontFields" name="test_put_per_area_persists" time="0.258" /><testcase classname="backend.tests.test_iter5_features.TestShopUpdateAuth" name="test_other_seller_cannot_update_shop" time="1.135" /><testcase classname="backend.tests.test_iter5_features.TestShopUpdateAuth" name="test_admin_can_update_any_shop" time="0.491" /><testcase classname="backend.tests.test_iter5_features.TestShopUpdateAuth" name="test_unauth_cannot_update" time="0.136" /><testcase classname="backend.tests.test_iter5_features.TestShopMessagesAnonymous" name="test_anon_requires_email_or_phone" time="0.372" /><testcase classname="backend.tests.test_iter5_features.TestShopMessagesAnonymous" name="test_anon_with_email_accepted" time="0.150" /><testcase classname="backend.tests.test_iter5_features.TestShopMessagesAnonymous" name="test_anon_with_phone_accepted" time="0.143" /><testcase classname="backend.tests.test_iter5_features.TestShopMessagesAnonymous" name="test_body_too_short" time="0.127" /><testcase classname="backend.tests.test_iter5_features.TestShopMessagesAnonymous" name="test_body_too_long" time="0.121" /><testcase classname="backend.tests.test_iter5_features.TestShopMessagesAnonymous" name="test_unknown_shop" time="0.132" /><testcase classname="backend.tests.test_iter5_features.TestShopMessagesLoggedIn" name="test_logged_in_no_email_needed" time="0.119" /><testcase classname="backend.tests.test_iter5_features.TestSellerInbox" name="test_seller_lists_only_own_shop_messages" time="0.259" /><testcase classname="backend.tests.test_iter5_features.TestSellerInbox" name="test_admin_sees_all" time="0.172" /><testcase classname="backend.tests.test_iter5_features.TestSellerInbox" name="test_unread_count_returns_count_key" time="0.134" /><testcase classname="backend.tests.test_iter5_features.TestSellerInbox" name="test_customer_blocked_from_seller_inbox" time="0.120" /><testcase classname="backend.tests.test_iter5_features.TestMessageRead" name="test_mark_as_read_decrements_count" time="0.707" /><testcase classname="backend.tests.test_iter5_features.TestMessageRead" name="test_mark_unknown_404" time="0.131" /><testcase classname="backend.tests.test_iter5_features.TestMessageRead" name="test_mark_other_seller_403" time="0.583" /><testcase classname="backend.tests.test_iter5_features.TestMessageDelete" name="test_delete_removes_message" time="0.405" /><testcase classname="backend.tests.test_iter5_features.TestMessageDelete" name="test_delete_unknown_404" time="0.319" /></testsuite></testsuites>