<?xml version="1.0" encoding="utf-8"?><testsuites name="pytest tests"><testsuite name="pytest" errors="0" failures="0" skipped="0" tests="22" time="34.034" timestamp="2026-07-08T12:49:53.664949+00:00" hostname="agent-env-d5e27b6a-5328-4a2c-8aed-082e069798dc"><testcase classname="backend.tests.test_iter27_sections_promo.TestRestaurantMenuSections" name="test_put_persists_and_roundtrips" time="4.255" /><testcase classname="backend.tests.test_iter27_sections_promo.TestRestaurantMenuSections" name="test_put_rejects_more_than_6" time="0.361" /><testcase classname="backend.tests.test_iter27_sections_promo.TestRestaurantMenuSections" name="test_put_sanitises_sections" time="0.569" /><testcase classname="backend.tests.test_iter27_sections_promo.TestShopProductSections" name="test_put_6_sections_persist" time="1.263" /><testcase classname="backend.tests.test_iter27_sections_promo.TestShopProductSections" name="test_put_rejects_more_than_6" time="0.362" /><testcase classname="backend.tests.test_iter27_sections_promo.TestMenuItemSectionAndPromo" name="test_create_with_section_and_promo" time="1.251" /><testcase classname="backend.tests.test_iter27_sections_promo.TestMenuItemSectionAndPromo" name="test_put_updates_section_and_promo" time="1.240" /><testcase classname="backend.tests.test_iter27_sections_promo.TestProductSectionAndPromo" name="test_create_with_section_and_promo" time="0.571" /><testcase classname="backend.tests.test_iter27_sections_promo.TestProductSectionAndPromo" name="test_put_updates_section_and_promo" time="1.245" /><testcase classname="backend.tests.test_iter27_sections_promo.TestPromoEnforcementRestaurant" name="test_percent_promo_applied_server_side" time="4.069" /><testcase classname="backend.tests.test_iter27_sections_promo.TestPromoEnforcementRestaurant" name="test_percent_promo_ignores_client_lower_price" time="1.204" /><testcase classname="backend.tests.test_iter27_sections_promo.TestPromoEnforcementRestaurant" name="test_amount_promo_applied" time="1.212" /><testcase classname="backend.tests.test_iter27_sections_promo.TestPromoEnforcementRestaurant" name="test_starts_in_future_no_discount" time="1.210" /><testcase classname="backend.tests.test_iter27_sections_promo.TestPromoEnforcementRestaurant" name="test_ends_in_past_no_discount" time="1.205" /><testcase classname="backend.tests.test_iter27_sections_promo.TestPromoEnforcementRestaurant" name="test_active_false_no_discount" time="1.203" /><testcase classname="backend.tests.test_iter27_sections_promo.TestPromoEnforcementRestaurant" name="test_amount_promo_never_negative" time="1.213" /><testcase classname="backend.tests.test_iter27_sections_promo.TestPromoEnforcementMarketplace" name="test_percent_promo_applied" time="2.487" /><testcase classname="backend.tests.test_iter27_sections_promo.TestRegressions" name="test_odoo_health" time="0.148" /><testcase classname="backend.tests.test_iter27_sections_promo.TestRegressions" name="test_admin_login" time="0.000" /><testcase classname="backend.tests.test_iter27_sections_promo.TestRegressions" name="test_seller_analytics_by_channel" time="0.885" /><testcase classname="backend.tests.test_iter27_sections_promo.TestRegressions" name="test_menu_returns_iter25_26_fields" time="1.145" /><testcase classname="backend.tests.test_iter27_sections_promo.TestRegressions" name="test_odoo_kitchen_accept" time="6.791" /></testsuite></testsuites>