<?xml version="1.0" encoding="utf-8"?><testsuites name="pytest tests"><testsuite name="pytest" errors="0" failures="0" skipped="0" tests="20" time="76.760" timestamp="2026-07-08T21:47:39.621781+00:00" hostname="agent-env-d5e27b6a-5328-4a2c-8aed-082e069798dc"><testcase classname="backend.tests.test_iter30_wave3_growth_and_restore.TestHealthAuth" name="test_health" time="0.665" /><testcase classname="backend.tests.test_iter30_wave3_growth_and_restore.TestHealthAuth" name="test_admin_login" time="0.912" /><testcase classname="backend.tests.test_iter30_wave3_growth_and_restore.TestRestore" name="test_restore_flips_flags" time="7.066" /><testcase classname="backend.tests.test_iter30_wave3_growth_and_restore.TestRestore" name="test_restored_seller_visible_in_default_admin_users" time="0.687" /><testcase classname="backend.tests.test_iter30_wave3_growth_and_restore.TestRestore" name="test_restore_non_deleted_is_idempotent" time="0.356" /><testcase classname="backend.tests.test_iter30_wave3_growth_and_restore.TestRestore" name="test_restore_forbidden_for_non_admin" time="6.049" /><testcase classname="backend.tests.test_iter30_wave3_growth_and_restore.TestGrowthInsightsPreview" name="test_seller_preview_shape" time="3.640" /><testcase classname="backend.tests.test_iter30_wave3_growth_and_restore.TestGrowthInsightsPreview" name="test_preview_forbidden_for_customer" time="3.308" /><testcase classname="backend.tests.test_iter30_wave3_growth_and_restore.TestGrowthInsightsPreview" name="test_preview_requires_auth" time="0.047" /><testcase classname="backend.tests.test_iter30_wave3_growth_and_restore.TestGrowthInsightsSend" name="test_dry_run_returns_metrics" time="1.517" /><testcase classname="backend.tests.test_iter30_wave3_growth_and_restore.TestGrowthInsightsSend" name="test_send_no_resend_config_still_200" time="1.613" /><testcase classname="backend.tests.test_iter30_wave3_growth_and_restore.TestGrowthInsightsSend" name="test_send_on_soft_deleted_seller_400" time="3.577" /><testcase classname="backend.tests.test_iter30_wave3_growth_and_restore.TestGrowthInsightsSend" name="test_send_all_shape_and_categories" time="26.822" /><testcase classname="backend.tests.test_iter30_wave3_growth_and_restore.TestSearchRelevance" name="test_prefix_beats_substring_beats_desc" time="2.171" /><testcase classname="backend.tests.test_iter30_wave3_growth_and_restore.TestSearchRelevance" name="test_ltg_tie_breaks" time="0.358" /><testcase classname="backend.tests.test_iter30_wave3_growth_and_restore.TestSearchRelevance" name="test_soft_deleted_and_private_excluded" time="0.369" /><testcase classname="backend.tests.test_iter30_wave3_growth_and_restore.TestRegression" name="test_shops_ltg_verified_filters" time="1.717" /><testcase classname="backend.tests.test_iter30_wave3_growth_and_restore.TestRegression" name="test_shops_wholesale_deals_filters_run" time="1.613" /><testcase classname="backend.tests.test_iter30_wave3_growth_and_restore.TestRegression" name="test_featured_products" time="0.780" /><testcase classname="backend.tests.test_iter30_wave3_growth_and_restore.TestRegression" name="test_soft_cascade_still_blocks_login" time="13.346" /></testsuite></testsuites>