<?xml version="1.0" encoding="utf-8"?><testsuites name="pytest tests"><testsuite name="pytest" errors="0" failures="0" skipped="0" tests="25" time="36.419" timestamp="2026-07-08T18:24:06.885925+00:00" hostname="agent-env-d5e27b6a-5328-4a2c-8aed-082e069798dc"><testcase classname="tests.test_iter28_ltg_promo_favorites.TestHealthAuth" name="test_health" time="3.703" /><testcase classname="tests.test_iter28_ltg_promo_favorites.TestHealthAuth" name="test_admin_login_email" time="0.951" /><testcase classname="tests.test_iter28_ltg_promo_favorites.TestHealthAuth" name="test_admin_login_username" time="0.789" /><testcase classname="tests.test_iter28_ltg_promo_favorites.TestLTGShops" name="test_toggle_shop_ltg" time="3.971" /><testcase classname="tests.test_iter28_ltg_promo_favorites.TestLTGShops" name="test_toggle_shop_ltg_404" time="0.358" /><testcase classname="tests.test_iter28_ltg_promo_favorites.TestLTGShops" name="test_non_admin_cannot_toggle_shop_ltg" time="0.254" /><testcase classname="tests.test_iter28_ltg_promo_favorites.TestLTGShops" name="test_ltg_shop_appears_first" time="0.261" /><testcase classname="tests.test_iter28_ltg_promo_favorites.TestLTGShops" name="test_toggle_shop_ltg_off" time="0.363" /><testcase classname="tests.test_iter28_ltg_promo_favorites.TestLTGRestaurants" name="test_toggle_restaurant_ltg" time="0.689" /><testcase classname="tests.test_iter28_ltg_promo_favorites.TestLTGRestaurants" name="test_non_admin_cannot_toggle_restaurant_ltg" time="0.252" /><testcase classname="tests.test_iter28_ltg_promo_favorites.TestLTGRestaurants" name="test_ltg_restaurant_appears_first" time="0.356" /><testcase classname="tests.test_iter28_ltg_promo_favorites.TestSectionsLimit" name="test_shop_10_sections_ok" time="0.927" /><testcase classname="tests.test_iter28_ltg_promo_favorites.TestSectionsLimit" name="test_shop_11_sections_rejected" time="0.382" /><testcase classname="tests.test_iter28_ltg_promo_favorites.TestSectionsLimit" name="test_restaurant_10_sections_ok" time="0.566" /><testcase classname="tests.test_iter28_ltg_promo_favorites.TestSectionsLimit" name="test_restaurant_11_sections_rejected" time="0.354" /><testcase classname="tests.test_iter28_ltg_promo_favorites.TestPromoEnforcement" name="test_bogo_2_qty_grants_1_free" time="5.226" /><testcase classname="tests.test_iter28_ltg_promo_favorites.TestPromoEnforcement" name="test_percent_promo_discounts" time="2.463" /><testcase classname="tests.test_iter28_ltg_promo_favorites.TestFavorites" name="test_favorites_create_and_shape" time="0.924" /><testcase classname="tests.test_iter28_ltg_promo_favorites.TestFavorites" name="test_favorites_delete_by_query" time="0.718" /><testcase classname="tests.test_iter28_ltg_promo_favorites.TestFavorites" name="test_favorites_delete_by_path" time="0.928" /><testcase classname="tests.test_iter28_ltg_promo_favorites.TestReviewEligibility" name="test_review_allowed_when_delivered_but_not_completed" time="0.903" /><testcase classname="tests.test_iter28_ltg_promo_favorites.TestReviewEligibility" name="test_review_rejected_when_neither" time="0.460" /><testcase classname="tests.test_iter28_ltg_promo_favorites.TestListRegressions" name="test_shops_200" time="0.252" /><testcase classname="tests.test_iter28_ltg_promo_favorites.TestListRegressions" name="test_restaurants_200" time="0.457" /><testcase classname="tests.test_iter28_ltg_promo_favorites.TestListRegressions" name="test_products_200" time="9.739" /></testsuite></testsuites>