<?xml version="1.0" encoding="utf-8"?><testsuites name="pytest tests"><testsuite name="pytest" errors="0" failures="0" skipped="0" tests="15" time="7.135" timestamp="2026-05-05T02:09:43.448952+00:00" hostname="agent-env-225feb92-e195-45b9-854f-a5ce386de910"><testcase classname="backend.tests.test_iter3_features.TestAdminInvoices" name="test_list_shape" time="0.727" /><testcase classname="backend.tests.test_iter3_features.TestAdminInvoices" name="test_filter_paid" time="0.162" /><testcase classname="backend.tests.test_iter3_features.TestAdminInvoices" name="test_filter_unpaid" time="0.142" /><testcase classname="backend.tests.test_iter3_features.TestAdminInvoices" name="test_detail" time="0.278" /><testcase classname="backend.tests.test_iter3_features.TestAdminInvoices" name="test_detail_404" time="0.125" /><testcase classname="backend.tests.test_iter3_features.TestAdminInvoices" name="test_requires_admin" time="0.471" /><testcase classname="backend.tests.test_iter3_features.TestAdminInvoices" name="test_mark_paid_and_unpaid_persists" time="0.803" /><testcase classname="backend.tests.test_iter3_features.TestAdminInvoices" name="test_regenerate_idempotent_preserves_paid" time="0.518" /><testcase classname="backend.tests.test_iter3_features.TestCommissionRate" name="test_default_rate" time="0.135" /><testcase classname="backend.tests.test_iter3_features.TestCommissionRate" name="test_change_rate_then_regenerate" time="0.815" /><testcase classname="backend.tests.test_iter3_features.TestSellerInvoices" name="test_seller_gets_own" time="0.539" /><testcase classname="backend.tests.test_iter3_features.TestSellerInvoices" name="test_customer_forbidden" time="0.130" /><testcase classname="backend.tests.test_iter3_features.TestMetaCategories" name="test_food_subcategories" time="0.228" /><testcase classname="backend.tests.test_iter3_features.TestWholesaleProduct" name="test_create_wholesale_with_tiers" time="0.934" /><testcase classname="backend.tests.test_iter3_features.TestMenuItemFoodCategory" name="test_create_menu_with_food_category" time="1.023" /></testsuite></testsuites>