<?xml version="1.0" encoding="utf-8"?><testsuites name="pytest tests"><testsuite name="pytest" errors="0" failures="0" skipped="0" tests="16" time="32.116" timestamp="2026-07-02T23:00:14.151272+00:00" hostname="agent-env-d5e27b6a-5328-4a2c-8aed-082e069798dc"><testcase classname="backend.tests.test_iter15_reviews_photos_and_tracking" name="test_health" time="0.299" /><testcase classname="backend.tests.test_iter15_reviews_photos_and_tracking" name="test_review_with_photos_persists" time="8.830" /><testcase classname="backend.tests.test_iter15_reviews_photos_and_tracking" name="test_review_truncates_to_5_photos" time="0.837" /><testcase classname="backend.tests.test_iter15_reviews_photos_and_tracking" name="test_review_empty_photos_array" time="0.841" /><testcase classname="backend.tests.test_iter15_reviews_photos_and_tracking" name="test_review_no_photos_field_defaults_empty" time="0.864" /><testcase classname="backend.tests.test_iter15_reviews_photos_and_tracking" name="test_driver_location_anonymous_401" time="0.108" /><testcase classname="backend.tests.test_iter15_reviews_photos_and_tracking" name="test_driver_location_admin_forbidden_403" time="0.311" /><testcase classname="backend.tests.test_iter15_reviews_photos_and_tracking" name="test_driver_location_invalid_lat_422" time="0.318" /><testcase classname="backend.tests.test_iter15_reviews_photos_and_tracking" name="test_driver_location_success_and_trail" time="13.556" /><testcase classname="backend.tests.test_iter15_reviews_photos_and_tracking" name="test_live_tracking_404_missing_order" time="0.514" /><testcase classname="backend.tests.test_iter15_reviews_photos_and_tracking" name="test_live_tracking_403_not_owner" time="0.409" /><testcase classname="backend.tests.test_iter15_reviews_photos_and_tracking" name="test_live_tracking_empty_when_no_out_for_delivery" time="0.792" /><testcase classname="backend.tests.test_iter15_reviews_photos_and_tracking" name="test_live_tracking_split_returns_driver_and_eta" time="1.285" /><testcase classname="backend.tests.test_iter15_reviews_photos_and_tracking" name="test_live_tracking_admin_can_access" time="0.743" /><testcase classname="backend.tests.test_iter15_reviews_photos_and_tracking" name="test_live_tracking_restaurant_order_uses_fallback_dest" time="0.857" /><testcase classname="backend.tests.test_iter15_reviews_photos_and_tracking" name="test_regression_shops_anonymous_filters_pending" time="1.410" /></testsuite></testsuites>