<?xml version="1.0" encoding="utf-8"?><testsuites name="pytest tests"><testsuite name="pytest" errors="0" failures="0" skipped="0" tests="11" time="22.340" timestamp="2026-07-04T13:13:30.331741+00:00" hostname="agent-env-d5e27b6a-5328-4a2c-8aed-082e069798dc"><testcase classname="backend.tests.test_iter23_shop_flow.TestEnrichMarketplaceOrders" name="test_order_level_exchange_rate_ssp" time="10.615" /><testcase classname="backend.tests.test_iter23_shop_flow.TestSplitDeliveryManagedBy" name="test_split_delivery_managed_by_seller" time="0.209" /><testcase classname="backend.tests.test_iter23_shop_flow.TestSelfDeliverStartMarketplace" name="test_self_deliver_start_persists_driver_contact" time="1.012" /><testcase classname="backend.tests.test_iter23_shop_flow.TestSelfDeliverStartMarketplace" name="test_self_deliver_start_without_body" time="0.988" /><testcase classname="backend.tests.test_iter23_shop_flow.TestSelfDeliverStartMarketplace" name="test_self_deliver_complete_marks_delivered_and_collected" time="1.089" /><testcase classname="backend.tests.test_iter23_shop_flow.TestSelfDeliverStartRestaurant" name="test_rest_self_deliver_start_body" time="0.979" /><testcase classname="backend.tests.test_iter23_shop_flow.TestRestaurantOrdersEnrichment" name="test_restaurant_order_has_exchange_rate" time="0.973" /><testcase classname="backend.tests.test_iter23_shop_flow.TestSellerAnalyticsEarnings" name="test_today_revenue_uses_seller_earning" time="2.642" /><testcase classname="backend.tests.test_iter23_shop_flow.TestRegression" name="test_odoo_health" time="0.146" /><testcase classname="backend.tests.test_iter23_shop_flow.TestRegression" name="test_admin_login_ok" time="0.912" /><testcase classname="backend.tests.test_iter23_shop_flow.TestRegression" name="test_admin_odoo_orders_pending" time="2.625" /></testsuite></testsuites>