<?xml version="1.0" encoding="utf-8"?><testsuites name="pytest tests"><testsuite name="pytest" errors="0" failures="0" skipped="0" tests="21" time="3.085" timestamp="2026-06-30T11:44:20.534415+00:00" hostname="agent-env-d4ba583d-7eee-4b28-baa4-b7b5277ae62a"><testcase classname="backend.tests.test_iter12_odoo_token_mgmt" name="test_00_login_admin" time="0.414" /><testcase classname="backend.tests.test_iter12_odoo_token_mgmt" name="test_01_login_seller" time="0.556" /><testcase classname="backend.tests.test_iter12_odoo_token_mgmt" name="test_10_get_status_requires_auth" time="0.096" /><testcase classname="backend.tests.test_iter12_odoo_token_mgmt" name="test_11_get_status_rejects_service_token_header" time="0.106" /><testcase classname="backend.tests.test_iter12_odoo_token_mgmt" name="test_12_get_status_with_admin_initially_env" time="0.103" /><testcase classname="backend.tests.test_iter12_odoo_token_mgmt" name="test_20_generate_requires_auth" time="0.098" /><testcase classname="backend.tests.test_iter12_odoo_token_mgmt" name="test_21_generate_rejects_non_admin" time="0.100" /><testcase classname="backend.tests.test_iter12_odoo_token_mgmt" name="test_22_generate_success_admin" time="0.094" /><testcase classname="backend.tests.test_iter12_odoo_token_mgmt" name="test_23_generate_twice_returns_409" time="0.100" /><testcase classname="backend.tests.test_iter12_odoo_token_mgmt" name="test_24_status_after_generate_reports_database" time="0.103" /><testcase classname="backend.tests.test_iter12_odoo_token_mgmt" name="test_30_env_token_revoked_after_db_token_exists" time="0.096" /><testcase classname="backend.tests.test_iter12_odoo_token_mgmt" name="test_31_new_db_token_works_on_shops" time="0.105" /><testcase classname="backend.tests.test_iter12_odoo_token_mgmt" name="test_32_new_db_token_passes_webhook_auth_on_upsert" time="0.100" /><testcase classname="backend.tests.test_iter12_odoo_token_mgmt" name="test_33_odoo_health_reports_configured" time="0.098" /><testcase classname="backend.tests.test_iter12_odoo_token_mgmt" name="test_40_rotate_requires_auth" time="0.096" /><testcase classname="backend.tests.test_iter12_odoo_token_mgmt" name="test_41_rotate_rejects_non_admin" time="0.118" /><testcase classname="backend.tests.test_iter12_odoo_token_mgmt" name="test_42_rotate_rejects_service_token_header" time="0.103" /><testcase classname="backend.tests.test_iter12_odoo_token_mgmt" name="test_43_rotate_success" time="0.104" /><testcase classname="backend.tests.test_iter12_odoo_token_mgmt" name="test_44_previous_token_revoked_after_rotate" time="0.123" /><testcase classname="backend.tests.test_iter12_odoo_token_mgmt" name="test_45_new_rotated_token_works" time="0.101" /><testcase classname="backend.tests.test_iter12_odoo_token_mgmt" name="test_46_status_reflects_last_rotated_at" time="0.102" /></testsuite></testsuites>