<?xml version="1.0" encoding="utf-8"?><testsuites name="pytest tests"><testsuite name="pytest" errors="0" failures="0" skipped="0" tests="13" time="25.932" timestamp="2026-07-08T11:55:41.958149+00:00" hostname="agent-env-d5e27b6a-5328-4a2c-8aed-082e069798dc"><testcase classname="backend.tests.test_iter26_required_sides.TestMenuItemRequiredSidesPersistence" name="test_create_with_required_sides" time="5.252" /><testcase classname="backend.tests.test_iter26_required_sides.TestMenuItemRequiredSidesPersistence" name="test_update_persists_new_values" time="1.257" /><testcase classname="backend.tests.test_iter26_required_sides.TestMenuItemRequiredSidesPersistence" name="test_menu_get_returns_new_fields_present" time="1.133" /><testcase classname="backend.tests.test_iter26_required_sides.TestRestaurantOrderSidesEnforcement" name="test_missing_required_side_400" time="3.833" /><testcase classname="backend.tests.test_iter26_required_sides.TestRestaurantOrderSidesEnforcement" name="test_too_many_sides_400" time="1.030" /><testcase classname="backend.tests.test_iter26_required_sides.TestRestaurantOrderSidesEnforcement" name="test_invalid_side_name_400" time="1.028" /><testcase classname="backend.tests.test_iter26_required_sides.TestRestaurantOrderSidesEnforcement" name="test_valid_selection_creates_order_with_side_price" time="1.671" /><testcase classname="backend.tests.test_iter26_required_sides.TestRestaurantOrderSidesEnforcement" name="test_not_required_accepts_any_count" time="2.754" /><testcase classname="backend.tests.test_iter26_required_sides.TestRegressions" name="test_odoo_health" time="0.149" /><testcase classname="backend.tests.test_iter26_required_sides.TestRegressions" name="test_admin_login" time="0.000" /><testcase classname="backend.tests.test_iter26_required_sides.TestRegressions" name="test_seller_analytics_by_channel" time="0.782" /><testcase classname="backend.tests.test_iter26_required_sides.TestRegressions" name="test_orders_mine_exchange_rate_ssp" time="1.117" /><testcase classname="backend.tests.test_iter26_required_sides.TestRegressions" name="test_odoo_kitchen_accept" time="5.789" /></testsuite></testsuites>