<?xml version="1.0" encoding="utf-8"?><testsuites name="pytest tests"><testsuite name="pytest" errors="0" failures="0" skipped="0" tests="24" time="32.715" timestamp="2026-07-02T22:20:47.395540+00:00" hostname="agent-env-d5e27b6a-5328-4a2c-8aed-082e069798dc"><testcase classname="tests.test_iter14_visibility_and_delivery" name="test_health" time="3.826" /><testcase classname="tests.test_iter14_visibility_and_delivery" name="test_anon_shops_list_only_verified" time="8.797" /><testcase classname="tests.test_iter14_visibility_and_delivery" name="test_anon_get_pending_shop_404" time="0.301" /><testcase classname="tests.test_iter14_visibility_and_delivery" name="test_owner_get_own_pending_shop_200" time="0.524" /><testcase classname="tests.test_iter14_visibility_and_delivery" name="test_admin_shops_list_includes_pending" time="0.549" /><testcase classname="tests.test_iter14_visibility_and_delivery" name="test_admin_get_pending_shop_200" time="0.532" /><testcase classname="tests.test_iter14_visibility_and_delivery" name="test_anon_restaurants_list_only_verified" time="0.314" /><testcase classname="tests.test_iter14_visibility_and_delivery" name="test_anon_get_pending_restaurant_404" time="0.306" /><testcase classname="tests.test_iter14_visibility_and_delivery" name="test_owner_get_own_pending_restaurant_200" time="0.523" /><testcase classname="tests.test_iter14_visibility_and_delivery" name="test_admin_restaurants_list_shows_all" time="0.514" /><testcase classname="tests.test_iter14_visibility_and_delivery" name="test_restaurants_mine_returns_all_own" time="0.414" /><testcase classname="tests.test_iter14_visibility_and_delivery" name="test_menu_anon_404_when_unverified" time="0.317" /><testcase classname="tests.test_iter14_visibility_and_delivery" name="test_menu_owner_and_admin_ok_for_pending" time="2.728" /><testcase classname="tests.test_iter14_visibility_and_delivery" name="test_menu_items_global_excludes_unverified" time="0.621" /><testcase classname="tests.test_iter14_visibility_and_delivery" name="test_products_global_excludes_unverified" time="0.838" /><testcase classname="tests.test_iter14_visibility_and_delivery" name="test_product_detail_anon_404_owner_200" time="2.017" /><testcase classname="tests.test_iter14_visibility_and_delivery" name="test_restaurant_update_delivery_fixed" time="0.959" /><testcase classname="tests.test_iter14_visibility_and_delivery" name="test_restaurant_update_delivery_per_area" time="0.931" /><testcase classname="tests.test_iter14_visibility_and_delivery" name="test_restaurant_update_delivery_free" time="0.950" /><testcase classname="tests.test_iter14_visibility_and_delivery" name="test_admin_delivery_managed_by_persists[seller]" time="0.567" /><testcase classname="tests.test_iter14_visibility_and_delivery" name="test_admin_delivery_managed_by_persists[admin]" time="0.520" /><testcase classname="tests.test_iter14_visibility_and_delivery" name="test_admin_delivery_managed_by_persists[default]" time="0.560" /><testcase classname="tests.test_iter14_visibility_and_delivery" name="test_seller_cannot_override_delivery_managed_by" time="1.516" /><testcase classname="tests.test_iter14_visibility_and_delivery" name="test_calculate_delivery_fee_restaurant_variants" time="3.404" /></testsuite></testsuites>