<?xml version="1.0" encoding="utf-8"?><testsuites name="pytest tests"><testsuite name="pytest" errors="0" failures="0" skipped="0" tests="16" time="25.158" timestamp="2026-07-03T00:41:06.101522+00:00" hostname="agent-env-d5e27b6a-5328-4a2c-8aed-082e069798dc"><testcase classname="backend.tests.test_iter18_self_deliver" name="test_health_ok" time="5.190" /><testcase classname="backend.tests.test_iter18_self_deliver" name="test_split_self_deliver_start_success" time="8.165" /><testcase classname="backend.tests.test_iter18_self_deliver" name="test_split_self_deliver_start_admin_managed_400" time="0.548" /><testcase classname="backend.tests.test_iter18_self_deliver" name="test_split_self_deliver_start_not_ready_400" time="0.548" /><testcase classname="backend.tests.test_iter18_self_deliver" name="test_split_self_deliver_start_wrong_owner_403" time="0.451" /><testcase classname="backend.tests.test_iter18_self_deliver" name="test_split_self_deliver_complete_success" time="0.911" /><testcase classname="backend.tests.test_iter18_self_deliver" name="test_split_complete_before_start_400" time="0.554" /><testcase classname="backend.tests.test_iter18_self_deliver" name="test_split_complete_invalid_otp_400" time="1.256" /><testcase classname="backend.tests.test_iter18_self_deliver" name="test_split_complete_short_signature_400" time="1.036" /><testcase classname="backend.tests.test_iter18_self_deliver" name="test_rest_self_deliver_start_success" time="0.727" /><testcase classname="backend.tests.test_iter18_self_deliver" name="test_rest_self_deliver_complete_success" time="0.781" /><testcase classname="backend.tests.test_iter18_self_deliver" name="test_driver_location_seller_ok" time="0.661" /><testcase classname="backend.tests.test_iter18_self_deliver" name="test_driver_location_driver_ok" time="0.540" /><testcase classname="backend.tests.test_iter18_self_deliver" name="test_driver_location_customer_forbidden" time="0.325" /><testcase classname="backend.tests.test_iter18_self_deliver" name="test_driver_location_admin_forbidden" time="0.320" /><testcase classname="backend.tests.test_iter18_self_deliver" name="test_live_tracking_reflects_seller_driver" time="2.984" /></testsuite></testsuites>