<?xml version="1.0" encoding="utf-8"?><testsuites name="pytest tests"><testsuite name="pytest" errors="0" failures="10" skipped="0" tests="19" time="40.987" timestamp="2026-07-08T18:58:40.306535+00:00" hostname="agent-env-d5e27b6a-5328-4a2c-8aed-082e069798dc"><testcase classname="backend.tests.test_iter29_soft_cascade_delete.TestHealthAuth" name="test_health" time="0.328" /><testcase classname="backend.tests.test_iter29_soft_cascade_delete.TestHealthAuth" name="test_admin_login" time="0.917" /><testcase classname="backend.tests.test_iter29_soft_cascade_delete.TestDeletePreview" name="test_customer_can_favorite_shop_and_product" time="7.555" /><testcase classname="backend.tests.test_iter29_soft_cascade_delete.TestDeletePreview" name="test_delete_preview_returns_counts" time="1.857" /><testcase classname="backend.tests.test_iter29_soft_cascade_delete.TestSoftDelete" name="test_delete_returns_soft_shape" time="0.464"><failure message="AssertionError: Internal Server Error&#10;assert 500 == 200&#10; +  where 500 = &lt;Response [500]&gt;.status_code">backend/tests/test_iter29_soft_cascade_delete.py:219: in test_delete_returns_soft_shape
    assert r.status_code == 200, r.text
E   AssertionError: Internal Server Error
E   assert 500 == 200
E    +  where 500 = &lt;Response [500]&gt;.status_code</failure></testcase><testcase classname="backend.tests.test_iter29_soft_cascade_delete.TestSoftDelete" name="test_soft_deleted_seller_cannot_login" time="0.901"><failure message="AssertionError: {&quot;token&quot;:&quot;eyJhbGciOiJIUzI1NiIsInR5cCI6IkpXVCJ9.eyJzdWIiOiI0OGJkNzE2MS1hYTJjLTQ2YjAtYTkzNi01MWUxODRmNTkwN2QiLCJyb2xlIjoic2VsbGVyIiwiZW1haWwiOiJ0ZXN0X2l0ZXIyOV80ZGE1MWEzNF9zZWxsZXIxQGV4YW1wbGUuY29tIiwidHYiOjEsImV4cCI6MTc4NDE0MTkzMn0.PHrQ9ByRo8A1s3INleBzRDmwxCytEWVuSBTAN9vGFTo&quot;,&quot;user&quot;:{&quot;id&quot;:&quot;48bd7161-aa2c-46b0-a936-51e184f5907d&quot;,&quot;email&quot;:&quot;test_iter29_4da51a34_seller1@example.com&quot;,&quot;name&quot;:&quot;TEST_iter29_4da51a34 Seller1&quot;,&quot;role&quot;:&quot;seller&quot;,&quot;phone&quot;:&quot;+211900000010&quot;,&quot;settings&quot;:{}}}&#10;assert 200 == 401&#10; +  where 200 = &lt;Response [200]&gt;.status_code">backend/tests/test_iter29_soft_cascade_delete.py:229: in test_soft_deleted_seller_cannot_login
    assert r.status_code == 401, r.text
E   AssertionError: {"token":"eyJhbGciOiJIUzI1NiIsInR5cCI6IkpXVCJ9.eyJzdWIiOiI0OGJkNzE2MS1hYTJjLTQ2YjAtYTkzNi01MWUxODRmNTkwN2QiLCJyb2xlIjoic2VsbGVyIiwiZW1haWwiOiJ0ZXN0X2l0ZXIyOV80ZGE1MWEzNF9zZWxsZXIxQGV4YW1wbGUuY29tIiwidHYiOjEsImV4cCI6MTc4NDE0MTkzMn0.PHrQ9ByRo8A1s3INleBzRDmwxCytEWVuSBTAN9vGFTo","user":{"id":"48bd7161-aa2c-46b0-a936-51e184f5907d","email":"test_iter29_4da51a34_seller1@example.com","name":"TEST_iter29_4da51a34 Seller1","role":"seller","phone":"+211900000010","settings":{}}}
E   assert 200 == 401
E    +  where 200 = &lt;Response [200]&gt;.status_code</failure></testcase><testcase classname="backend.tests.test_iter29_soft_cascade_delete.TestSoftDelete" name="test_user_record_retained_and_anonymized" time="0.112"><failure message="AssertionError: assert None is True&#10; +  where None = &lt;built-in method get of dict object at 0xf8ae64d95b40&gt;('is_deleted')&#10; +    where &lt;built-in method get of dict object at 0xf8ae64d95b40&gt; = {'_id': ObjectId('6a4e9de68cb343424fba1b3e'), 'id': '48bd7161-aa2c-46b0-a936-51e184f5907d', 'email': 'test_iter29_4da51a34_seller1@example.com', 'name': 'TEST_iter29_4da51a34 Seller1', ...}.get">backend/tests/test_iter29_soft_cascade_delete.py:235: in test_user_record_retained_and_anonymized
    assert u.get("is_deleted") is True
E   AssertionError: assert None is True
E    +  where None = &lt;built-in method get of dict object at 0xf8ae64d95b40&gt;('is_deleted')
E    +    where &lt;built-in method get of dict object at 0xf8ae64d95b40&gt; = {'_id': ObjectId('6a4e9de68cb343424fba1b3e'), 'id': '48bd7161-aa2c-46b0-a936-51e184f5907d', 'email': 'test_iter29_4da51a34_seller1@example.com', 'name': 'TEST_iter29_4da51a34 Seller1', ...}.get</failure></testcase><testcase classname="backend.tests.test_iter29_soft_cascade_delete.TestSoftDelete" name="test_admin_users_default_excludes_deleted" time="0.570"><failure message="AssertionError: soft-deleted user should be hidden by default&#10;assert '48bd7161-aa2c-46b0-a936-51e184f5907d' not in ['2b6e3077-5bbf-43bc-ba45-84763c7f227d', '6ab0d80c-f8ab-4d0d-9dd0-eafa75019969', '37ec97ae-45f1-40e1-93b3-f33c3cea8a10', 'cc397ba7-6a89-4166-ad57-52756d8af1eb', '26f34d71-8ede-4874-855a-24e0a544f057', 'eba2942a-0dd9-48e6-955c-89e47d543296', ...]">backend/tests/test_iter29_soft_cascade_delete.py:248: in test_admin_users_default_excludes_deleted
    assert sid not in ids, "soft-deleted user should be hidden by default"
E   AssertionError: soft-deleted user should be hidden by default
E   assert '48bd7161-aa2c-46b0-a936-51e184f5907d' not in ['2b6e3077-5bbf-43bc-ba45-84763c7f227d', '6ab0d80c-f8ab-4d0d-9dd0-eafa75019969', '37ec97ae-45f1-40e1-93b3-f33c3cea8a10', 'cc397ba7-6a89-4166-ad57-52756d8af1eb', '26f34d71-8ede-4874-855a-24e0a544f057', 'eba2942a-0dd9-48e6-955c-89e47d543296', ...]</failure></testcase><testcase classname="backend.tests.test_iter29_soft_cascade_delete.TestSoftDelete" name="test_admin_users_include_deleted_shows_them" time="0.566"><failure message="AssertionError: deleted user should be found via include_deleted+search=Deleted&#10;assert '48bd7161-aa2c-46b0-a936-51e184f5907d' in ['6205df81-831a-44bc-b5e8-d7ef0cb9db7d']">backend/tests/test_iter29_soft_cascade_delete.py:256: in test_admin_users_include_deleted_shows_them
    assert sid in ids, f"deleted user should be found via include_deleted+search=Deleted"
E   AssertionError: deleted user should be found via include_deleted+search=Deleted
E   assert '48bd7161-aa2c-46b0-a936-51e184f5907d' in ['6205df81-831a-44bc-b5e8-d7ef0cb9db7d']</failure></testcase><testcase classname="backend.tests.test_iter29_soft_cascade_delete.TestSoftDelete" name="test_shops_soft_flagged_not_public" time="0.104"><failure message="AssertionError: assert False is True&#10; +  where False = &lt;built-in method get of dict object at 0xf8ae64d32e80&gt;('is_deleted')&#10; +    where &lt;built-in method get of dict object at 0xf8ae64d32e80&gt; = {'_id': ObjectId('6a4e9de78b03170b0cad1149'), 'id': 'TEST_iter29_4da51a34_shop1', 'seller_id': '48bd7161-aa2c-46b0-a936-51e184f5907d', 'name': 'TEST_iter29_4da51a34_Shop', ...}.get">backend/tests/test_iter29_soft_cascade_delete.py:261: in test_shops_soft_flagged_not_public
    assert doc.get("is_deleted") is True
E   AssertionError: assert False is True
E    +  where False = &lt;built-in method get of dict object at 0xf8ae64d32e80&gt;('is_deleted')
E    +    where &lt;built-in method get of dict object at 0xf8ae64d32e80&gt; = {'_id': ObjectId('6a4e9de78b03170b0cad1149'), 'id': 'TEST_iter29_4da51a34_shop1', 'seller_id': '48bd7161-aa2c-46b0-a936-51e184f5907d', 'name': 'TEST_iter29_4da51a34_Shop', ...}.get</failure></testcase><testcase classname="backend.tests.test_iter29_soft_cascade_delete.TestSoftDelete" name="test_restaurants_soft_flagged_not_public" time="0.103"><failure message="AssertionError: assert False is True&#10; +  where False = &lt;built-in method get of dict object at 0xf8ae64d9b100&gt;('is_deleted')&#10; +    where &lt;built-in method get of dict object at 0xf8ae64d9b100&gt; = {'_id': ObjectId('6a4e9de78b03170b0cad114b'), 'id': 'TEST_iter29_4da51a34_rest1', 'seller_id': '48bd7161-aa2c-46b0-a936-51e184f5907d', 'name': 'TEST_iter29_4da51a34_Rest', ...}.get">backend/tests/test_iter29_soft_cascade_delete.py:271: in test_restaurants_soft_flagged_not_public
    assert doc.get("is_deleted") is True
E   AssertionError: assert False is True
E    +  where False = &lt;built-in method get of dict object at 0xf8ae64d9b100&gt;('is_deleted')
E    +    where &lt;built-in method get of dict object at 0xf8ae64d9b100&gt; = {'_id': ObjectId('6a4e9de78b03170b0cad114b'), 'id': 'TEST_iter29_4da51a34_rest1', 'seller_id': '48bd7161-aa2c-46b0-a936-51e184f5907d', 'name': 'TEST_iter29_4da51a34_Rest', ...}.get</failure></testcase><testcase classname="backend.tests.test_iter29_soft_cascade_delete.TestSoftDelete" name="test_products_soft_flagged_not_public" time="0.103"><failure message="AssertionError: assert False is True&#10; +  where False = &lt;built-in method get of dict object at 0xf8ae64dc2f00&gt;('is_deleted')&#10; +    where &lt;built-in method get of dict object at 0xf8ae64dc2f00&gt; = {'_id': ObjectId('6a4e9de78b03170b0cad114a'), 'id': 'TEST_iter29_4da51a34_prod1', 'shop_id': 'TEST_iter29_4da51a34_shop1', 'seller_id': '48bd7161-aa2c-46b0-a936-51e184f5907d', ...}.get">backend/tests/test_iter29_soft_cascade_delete.py:281: in test_products_soft_flagged_not_public
    assert doc.get("is_deleted") is True
E   AssertionError: assert False is True
E    +  where False = &lt;built-in method get of dict object at 0xf8ae64dc2f00&gt;('is_deleted')
E    +    where &lt;built-in method get of dict object at 0xf8ae64dc2f00&gt; = {'_id': ObjectId('6a4e9de78b03170b0cad114a'), 'id': 'TEST_iter29_4da51a34_prod1', 'shop_id': 'TEST_iter29_4da51a34_shop1', 'seller_id': '48bd7161-aa2c-46b0-a936-51e184f5907d', ...}.get</failure></testcase><testcase classname="backend.tests.test_iter29_soft_cascade_delete.TestSoftDelete" name="test_menu_items_soft_flagged" time="0.104"><failure message="AssertionError: assert False is True&#10; +  where False = &lt;built-in method get of dict object at 0xf8ae6873ae40&gt;('is_deleted')&#10; +    where &lt;built-in method get of dict object at 0xf8ae6873ae40&gt; = {'_id': ObjectId('6a4e9de88b03170b0cad114c'), 'id': 'TEST_iter29_4da51a34_menu1', 'restaurant_id': 'TEST_iter29_4da51a34_rest1', 'seller_id': '48bd7161-aa2c-46b0-a936-51e184f5907d', ...}.get">backend/tests/test_iter29_soft_cascade_delete.py:290: in test_menu_items_soft_flagged
    assert doc.get("is_deleted") is True
E   AssertionError: assert False is True
E    +  where False = &lt;built-in method get of dict object at 0xf8ae6873ae40&gt;('is_deleted')
E    +    where &lt;built-in method get of dict object at 0xf8ae6873ae40&gt; = {'_id': ObjectId('6a4e9de88b03170b0cad114c'), 'id': 'TEST_iter29_4da51a34_menu1', 'restaurant_id': 'TEST_iter29_4da51a34_rest1', 'seller_id': '48bd7161-aa2c-46b0-a936-51e184f5907d', ...}.get</failure></testcase><testcase classname="backend.tests.test_iter29_soft_cascade_delete.TestSoftDelete" name="test_historical_splits_retained" time="0.104" /><testcase classname="backend.tests.test_iter29_soft_cascade_delete.TestSoftDelete" name="test_favorites_wiped_for_deleted_user" time="0.103" /><testcase classname="backend.tests.test_iter29_soft_cascade_delete.TestBulkDelete" name="test_bulk_delete_two_users" time="3.843"><failure message="AssertionError: Internal Server Error&#10;assert 500 == 200&#10; +  where 500 = &lt;Response [500]&gt;.status_code">backend/tests/test_iter29_soft_cascade_delete.py:316: in test_bulk_delete_two_users
    assert r.status_code == 200, r.text
E   AssertionError: Internal Server Error
E   assert 500 == 200
E    +  where 500 = &lt;Response [500]&gt;.status_code</failure></testcase><testcase classname="backend.tests.test_iter29_soft_cascade_delete.TestRegression" name="test_favorites_get_still_works" time="0.573" /><testcase classname="backend.tests.test_iter29_soft_cascade_delete.TestRegression" name="test_bogo_promo_still_computes" time="6.041" /><testcase classname="backend.tests.test_iter29_soft_cascade_delete.TestRegression" name="test_ltg_toggle_still_works" time="16.421" /></testsuite></testsuites>