<?xml version="1.0" encoding="utf-8"?><testsuites name="pytest tests"><testsuite name="pytest" errors="0" failures="0" skipped="0" tests="20" time="10.939" timestamp="2026-05-12T17:29:07.474724+00:00" hostname="agent-env-f118b067-a4b5-4a7e-b6a6-00c993c72073"><testcase classname="backend.tests.test_iter6_features.TestOpenCloseToggle" name="test_toggle_open_blocks_orders_when_closed" time="3.314" /><testcase classname="backend.tests.test_iter6_features.TestOpenCloseToggle" name="test_toggle_back_open_allows_orders" time="0.356" /><testcase classname="backend.tests.test_iter6_features.TestCancellationFlow" name="test_request_cancel_rejected_when_pending" time="0.453" /><testcase classname="backend.tests.test_iter6_features.TestCancellationFlow" name="test_request_cancel_rejected_when_completed" time="0.951" /><testcase classname="backend.tests.test_iter6_features.TestCancellationFlow" name="test_request_cancel_success_from_accepted" time="0.447" /><testcase classname="backend.tests.test_iter6_features.TestCancellationFlow" name="test_admin_approve_cancel" time="0.711" /><testcase classname="backend.tests.test_iter6_features.TestCancellationFlow" name="test_admin_reject_cancel_restores_previous" time="0.680" /><testcase classname="backend.tests.test_iter6_features.TestCancellationFlow" name="test_admin_list_cancel_requests_only_pending" time="0.539" /><testcase classname="backend.tests.test_iter6_features.TestCancellationFlow" name="test_admin_list_cancel_requests_forbidden_for_seller" time="0.141" /><testcase classname="backend.tests.test_iter6_features.TestSellerStatusRestrictions" name="test_seller_cannot_force_cancel_status[cancelled]" time="0.370" /><testcase classname="backend.tests.test_iter6_features.TestSellerStatusRestrictions" name="test_seller_cannot_force_cancel_status[cancel_approved]" time="0.396" /><testcase classname="backend.tests.test_iter6_features.TestSellerStatusRestrictions" name="test_seller_cannot_force_cancel_status[cancel_rejected]" time="0.406" /><testcase classname="backend.tests.test_iter6_features.TestSellerStatusRestrictions" name="test_admin_can_set_cancelled_directly" time="0.274" /><testcase classname="backend.tests.test_iter6_features.TestRestaurantInvoices" name="test_generate_returns_count" time="0.139" /><testcase classname="backend.tests.test_iter6_features.TestRestaurantInvoices" name="test_auto_generate_on_completed" time="0.826" /><testcase classname="backend.tests.test_iter6_features.TestRestaurantInvoices" name="test_filter_unpaid_only" time="0.162" /><testcase classname="backend.tests.test_iter6_features.TestRestaurantInvoices" name="test_seller_scoped_list" time="0.151" /><testcase classname="backend.tests.test_iter6_features.TestRestaurantInvoices" name="test_mark_paid_notifies_seller" time="0.140" /><testcase classname="backend.tests.test_iter6_features.TestRestaurantInvoices" name="test_admin_only_list" time="0.126" /><testcase classname="backend.tests.test_iter6_features.TestRestaurantInvoices" name="test_admin_only_generate" time="0.142" /></testsuite></testsuites>