<?xml version="1.0" encoding="utf-8"?><testsuites name="pytest tests"><testsuite name="pytest" errors="0" failures="3" skipped="0" tests="16" time="34.988" timestamp="2026-07-02T22:56:45.943805+00:00" hostname="agent-env-d5e27b6a-5328-4a2c-8aed-082e069798dc"><testcase classname="backend.tests.test_iter15_reviews_photos_and_tracking" name="test_health" time="4.138" /><testcase classname="backend.tests.test_iter15_reviews_photos_and_tracking" name="test_review_with_photos_persists" time="8.752" /><testcase classname="backend.tests.test_iter15_reviews_photos_and_tracking" name="test_review_truncates_to_5_photos" time="0.527"><failure message="AssertionError: Internal Server Error&#10;assert 500 == 200&#10; +  where 500 = &lt;Response [500]&gt;.status_code">backend/tests/test_iter15_reviews_photos_and_tracking.py:240: in test_review_truncates_to_5_photos
    assert r.status_code == 200, r.text
E   AssertionError: Internal Server Error
E   assert 500 == 200
E    +  where 500 = &lt;Response [500]&gt;.status_code</failure></testcase><testcase classname="backend.tests.test_iter15_reviews_photos_and_tracking" name="test_review_empty_photos_array" time="0.617"><failure message="AssertionError: Internal Server Error&#10;assert 500 == 200&#10; +  where 500 = &lt;Response [500]&gt;.status_code">backend/tests/test_iter15_reviews_photos_and_tracking.py:250: in test_review_empty_photos_array
    assert r.status_code == 200, r.text
E   AssertionError: Internal Server Error
E   assert 500 == 200
E    +  where 500 = &lt;Response [500]&gt;.status_code</failure></testcase><testcase classname="backend.tests.test_iter15_reviews_photos_and_tracking" name="test_review_no_photos_field_defaults_empty" time="0.520"><failure message="assert 500 == 200&#10; +  where 500 = &lt;Response [500]&gt;.status_code">backend/tests/test_iter15_reviews_photos_and_tracking.py:259: in test_review_no_photos_field_defaults_empty
    assert r.status_code == 200
E   assert 500 == 200
E    +  where 500 = &lt;Response [500]&gt;.status_code</failure></testcase><testcase classname="backend.tests.test_iter15_reviews_photos_and_tracking" name="test_driver_location_anonymous_401" time="0.109" /><testcase classname="backend.tests.test_iter15_reviews_photos_and_tracking" name="test_driver_location_admin_forbidden_403" time="0.340" /><testcase classname="backend.tests.test_iter15_reviews_photos_and_tracking" name="test_driver_location_invalid_lat_422" time="0.315" /><testcase classname="backend.tests.test_iter15_reviews_photos_and_tracking" name="test_driver_location_success_and_trail" time="13.538" /><testcase classname="backend.tests.test_iter15_reviews_photos_and_tracking" name="test_live_tracking_404_missing_order" time="0.515" /><testcase classname="backend.tests.test_iter15_reviews_photos_and_tracking" name="test_live_tracking_403_not_owner" time="0.444" /><testcase classname="backend.tests.test_iter15_reviews_photos_and_tracking" name="test_live_tracking_empty_when_no_out_for_delivery" time="0.752" /><testcase classname="backend.tests.test_iter15_reviews_photos_and_tracking" name="test_live_tracking_split_returns_driver_and_eta" time="1.287" /><testcase classname="backend.tests.test_iter15_reviews_photos_and_tracking" name="test_live_tracking_admin_can_access" time="0.724" /><testcase classname="backend.tests.test_iter15_reviews_photos_and_tracking" name="test_live_tracking_restaurant_order_uses_fallback_dest" time="0.832" /><testcase classname="backend.tests.test_iter15_reviews_photos_and_tracking" name="test_regression_shops_anonymous_filters_pending" time="1.365" /></testsuite></testsuites>