<?xml version="1.0" encoding="utf-8"?><testsuites name="pytest tests"><testsuite name="pytest" errors="0" failures="0" skipped="0" tests="8" time="6.522" timestamp="2026-05-05T02:49:38.475748+00:00" hostname="agent-env-225feb92-e195-45b9-854f-a5ce386de910"><testcase classname="backend.tests.test_iter4_features.TestProductsUnifiedListing" name="test_no_filter_returns_all" time="0.309" /><testcase classname="backend.tests.test_iter4_features.TestProductsUnifiedListing" name="test_filter_wholesale_true" time="0.312" /><testcase classname="backend.tests.test_iter4_features.TestProductsUnifiedListing" name="test_filter_wholesale_false" time="0.172" /><testcase classname="backend.tests.test_iter4_features.TestProductWholesaleFlag" name="test_create_wholesale_true" time="0.968" /><testcase classname="backend.tests.test_iter4_features.TestProductWholesaleFlag" name="test_create_default_retail" time="0.867" /><testcase classname="backend.tests.test_iter4_features.TestShopInMinimal" name="test_create_shop_no_category" time="0.470" /><testcase classname="backend.tests.test_iter4_features.TestShopCommission" name="test_set_clear_out_of_bounds" time="1.455" /><testcase classname="backend.tests.test_iter4_features.TestShopCommission" name="test_per_shop_rate_applied_to_invoices" time="1.786" /></testsuite></testsuites>