<?xml version="1.0" encoding="utf-8"?><testsuites name="pytest tests"><testsuite name="pytest" errors="0" failures="0" skipped="0" tests="17" time="22.261" timestamp="2026-07-12T19:23:56.794490+00:00" hostname="agent-env-d5e27b6a-5328-4a2c-8aed-082e069798dc"><testcase classname="backend.tests.test_iter35_pagination.TestProductsPaged" name="test_default" time="15.084" /><testcase classname="backend.tests.test_iter35_pagination.TestProductsPaged" name="test_page_size_clamp" time="0.342" /><testcase classname="backend.tests.test_iter35_pagination.TestProductsPaged" name="test_search_filter" time="0.750" /><testcase classname="backend.tests.test_iter35_pagination.TestProductsPaged" name="test_stock_out" time="0.662" /><testcase classname="backend.tests.test_iter35_pagination.TestProductsPaged" name="test_requires_auth" time="0.120" /><testcase classname="backend.tests.test_iter35_pagination.TestMenuItemsPaged" name="test_default" time="0.713" /><testcase classname="backend.tests.test_iter35_pagination.TestMenuItemsPaged" name="test_search" time="0.753" /><testcase classname="backend.tests.test_iter35_pagination.TestOrdersPaged" name="test_default" time="0.708" /><testcase classname="backend.tests.test_iter35_pagination.TestNotificationsPaged" name="test_default" time="0.620" /><testcase classname="backend.tests.test_iter35_pagination.TestMessagesPaged" name="test_default" time="0.624" /><testcase classname="backend.tests.test_iter35_pagination.TestInvoicesPaged" name="test_shop_invoices" time="0.605" /><testcase classname="backend.tests.test_iter35_pagination.TestInvoicesPaged" name="test_restaurant_invoices" time="0.611" /><testcase classname="backend.tests.test_iter35_pagination.TestRoleEnforcement" name="test_products_no_auth" time="0.096" /><testcase classname="backend.tests.test_iter35_pagination.TestRoleEnforcement" name="test_menu_items_no_auth" time="0.102" /><testcase classname="backend.tests.test_iter35_pagination.TestRoleEnforcement" name="test_orders_no_auth" time="0.107" /><testcase classname="backend.tests.test_iter35_pagination.TestRoleEnforcement" name="test_invoices_no_auth" time="0.158" /><testcase classname="backend.tests.test_iter35_pagination.TestRoleEnforcement" name="test_messages_no_auth" time="0.114" /></testsuite></testsuites>