<?xml version="1.0" encoding="utf-8"?><testsuites name="pytest tests"><testsuite name="pytest" errors="0" failures="0" skipped="0" tests="19" time="2.859" timestamp="2026-06-29T17:29:42.634339+00:00" hostname="agent-env-d4ba583d-7eee-4b28-baa4-b7b5277ae62a"><testcase classname="backend.tests.test_iter11_odoo.TestOdooHealth" name="test_health_public_no_auth" time="0.243" /><testcase classname="backend.tests.test_iter11_odoo.TestOdooUpsertAuth" name="test_missing_token_returns_401" time="0.135" /><testcase classname="backend.tests.test_iter11_odoo.TestOdooUpsertAuth" name="test_wrong_token_returns_403" time="0.148" /><testcase classname="backend.tests.test_iter11_odoo.TestOdooUpsertAuth" name="test_missing_category_id_returns_422" time="0.108" /><testcase classname="backend.tests.test_iter11_odoo.TestOdooUpsertAuth" name="test_missing_shop_and_restaurant_returns_400" time="0.115" /><testcase classname="backend.tests.test_iter11_odoo.TestOdooDisabledShop" name="test_upsert_against_disabled_shop_returns_ignored" time="0.145" /><testcase classname="backend.tests.test_iter11_odoo.TestOdooE2EProductFlow" name="test_e2e_upsert_and_stock_update" time="0.374" /><testcase classname="backend.tests.test_iter11_odoo.TestOdooE2EProductFlow" name="test_cleanup" time="0.001" /><testcase classname="backend.tests.test_iter11_odoo.TestAdminOdooDualAuth" name="test_no_auth_returns_401" time="0.117" /><testcase classname="backend.tests.test_iter11_odoo.TestAdminOdooDualAuth" name="test_wrong_service_token_returns_403" time="0.114" /><testcase classname="backend.tests.test_iter11_odoo.TestAdminOdooDualAuth" name="test_valid_service_token_returns_200" time="0.104" /><testcase classname="backend.tests.test_iter11_odoo.TestAdminOdooDualAuth" name="test_valid_admin_jwt_returns_200" time="0.440" /><testcase classname="backend.tests.test_iter11_odoo.TestServiceTokenScope" name="test_service_token_does_not_work_on_admin_users" time="0.100" /><testcase classname="backend.tests.test_iter11_odoo.TestOdooPendingEndpoints" name="test_products_pending" time="0.097" /><testcase classname="backend.tests.test_iter11_odoo.TestOdooPendingEndpoints" name="test_orders_pending" time="0.102" /><testcase classname="backend.tests.test_iter11_odoo.TestOdooPendingEndpoints" name="test_delivery_updates_pending" time="0.109" /><testcase classname="backend.tests.test_iter11_odoo.TestOdooPendingEndpoints" name="test_payout_summaries_pending" time="0.131" /><testcase classname="backend.tests.test_iter11_odoo.TestOdooPendingEndpoints" name="test_driver_cash_pending" time="0.107" /><testcase classname="backend.tests.test_iter11_odoo.TestConfirmationDoc" name="test_no_juba_odoo_secure_in_doc" time="0.001" /></testsuite></testsuites>