<?xml version="1.0" encoding="utf-8"?><testsuites name="pytest tests"><testsuite name="pytest" errors="0" failures="1" skipped="0" tests="18" time="42.053" timestamp="2026-07-08T23:37:10.731384+00:00" hostname="agent-env-d5e27b6a-5328-4a2c-8aed-082e069798dc"><testcase classname="tests.test_iter31_low_stock_odoo_indexes.TestHealth" name="test_health" time="3.287"><failure message="assert 502 == 200&#10; +  where 502 = &lt;Response [502]&gt;.status_code">tests/test_iter31_low_stock_odoo_indexes.py:181: in test_health
    assert r.status_code == 200
E   assert 502 == 200
E    +  where 502 = &lt;Response [502]&gt;.status_code</failure></testcase><testcase classname="tests.test_iter31_low_stock_odoo_indexes.TestLowStockReport" name="test_anonymous_401" time="16.821" /><testcase classname="tests.test_iter31_low_stock_odoo_indexes.TestLowStockReport" name="test_customer_forbidden" time="3.722" /><testcase classname="tests.test_iter31_low_stock_odoo_indexes.TestLowStockReport" name="test_admin_forbidden" time="1.232" /><testcase classname="tests.test_iter31_low_stock_odoo_indexes.TestLowStockReport" name="test_seller_report_happy_path" time="3.803" /><testcase classname="tests.test_iter31_low_stock_odoo_indexes.TestOdooUpsertExtended" name="test_shop_upsert_with_promo_bogo_section_ltg" time="2.745" /><testcase classname="tests.test_iter31_low_stock_odoo_indexes.TestOdooUpsertExtended" name="test_restaurant_upsert_with_sides" time="1.124" /><testcase classname="tests.test_iter31_low_stock_odoo_indexes.TestOdooUpsertExtended" name="test_backwards_compat_minimal_payload" time="1.663" /><testcase classname="tests.test_iter31_low_stock_odoo_indexes.TestAdminLTGToggles" name="test_shop_toggle" time="0.835" /><testcase classname="tests.test_iter31_low_stock_odoo_indexes.TestAdminLTGToggles" name="test_restaurant_toggle" time="0.361" /><testcase classname="tests.test_iter31_low_stock_odoo_indexes.TestAdminLTGToggles" name="test_product_toggle" time="0.477" /><testcase classname="tests.test_iter31_low_stock_odoo_indexes.TestIndexes" name="test_favorites_target_id" time="0.103" /><testcase classname="tests.test_iter31_low_stock_odoo_indexes.TestIndexes" name="test_orders_shop_id" time="0.103" /><testcase classname="tests.test_iter31_low_stock_odoo_indexes.TestIndexes" name="test_products_promo_active" time="0.103" /><testcase classname="tests.test_iter31_low_stock_odoo_indexes.TestIndexes" name="test_menu_items_promo_active" time="0.103" /><testcase classname="tests.test_iter31_low_stock_odoo_indexes.TestIndexes" name="test_shops_is_ltg_partner" time="0.104" /><testcase classname="tests.test_iter31_low_stock_odoo_indexes.TestIndexes" name="test_restaurants_is_ltg_partner" time="0.104" /><testcase classname="tests.test_iter31_low_stock_odoo_indexes.TestShopsRegression" name="test_shops_has_flags" time="5.160" /></testsuite></testsuites>