<?xml version="1.0" encoding="utf-8"?><testsuites name="pytest tests"><testsuite name="pytest" errors="0" failures="0" skipped="0" tests="58" time="71.944" timestamp="2026-05-05T02:49:49.618722+00:00" hostname="agent-env-225feb92-e195-45b9-854f-a5ce386de910"><testcase classname="backend.tests.backend_test.TestMeta" name="test_health" time="0.188" /><testcase classname="backend.tests.backend_test.TestMeta" name="test_areas" time="0.174" /><testcase classname="backend.tests.backend_test.TestAuth" name="test_login_admin" time="0.436" /><testcase classname="backend.tests.backend_test.TestAuth" name="test_login_seller" time="0.366" /><testcase classname="backend.tests.backend_test.TestAuth" name="test_login_customer" time="0.347" /><testcase classname="backend.tests.backend_test.TestAuth" name="test_login_wrong_password" time="0.519" /><testcase classname="backend.tests.backend_test.TestAuth" name="test_me_with_bearer" time="0.472" /><testcase classname="backend.tests.backend_test.TestAuth" name="test_me_unauthenticated" time="0.123" /><testcase classname="backend.tests.backend_test.TestListings" name="test_shops_count_and_order" time="0.524" /><testcase classname="backend.tests.backend_test.TestListings" name="test_shops_filter_electronics" time="0.162" /><testcase classname="backend.tests.backend_test.TestListings" name="test_products_count" time="0.165" /><testcase classname="backend.tests.backend_test.TestListings" name="test_restaurants" time="0.238" /><testcase classname="backend.tests.backend_test.TestListings" name="test_restaurant_menu" time="0.293" /><testcase classname="backend.tests.backend_test.TestCustomerOrders" name="test_place_order_and_list_mine" time="0.526" /><testcase classname="backend.tests.backend_test.TestSellerFlow" name="test_seller_shop_product_crud" time="1.147" /><testcase classname="backend.tests.backend_test.TestSellerFlow" name="test_exchange_rate" time="0.443" /><testcase classname="backend.tests.backend_test.TestSellerFlow" name="test_seller_orders_endpoint" time="0.107" /><testcase classname="backend.tests.backend_test.TestSellerFlow" name="test_seller_can_update_order_status" time="0.577" /><testcase classname="backend.tests.backend_test.TestAdmin" name="test_verify_and_reject_shop" time="1.122" /><testcase classname="backend.tests.backend_test.TestAdmin" name="test_block_unblock_email" time="0.702" /><testcase classname="backend.tests.backend_test.TestAdmin" name="test_cannot_block_demo_account" time="0.183" /><testcase classname="backend.tests.backend_test.TestAdmin" name="test_admin_orders_list" time="0.134" /><testcase classname="backend.tests.backend_test.TestRBAC" name="test_customer_blocked_from_admin" time="0.126" /><testcase classname="backend.tests.backend_test.TestRBAC" name="test_customer_blocked_from_seller_orders" time="0.105" /><testcase classname="backend.tests.backend_test.TestRBAC" name="test_customer_blocked_from_admin_block_email" time="0.102" /><testcase classname="backend.tests.test_iter2_features.TestPublicSettings" name="test_public_settings_shape" time="0.180" /><testcase classname="backend.tests.test_iter2_features.TestAdminSettings" name="test_admin_settings_requires_admin" time="0.555" /><testcase classname="backend.tests.test_iter2_features.TestAdminSettings" name="test_admin_settings_full" time="0.529" /><testcase classname="backend.tests.test_iter2_features.TestAdminSettings" name="test_auto_approve_shops_persistence" time="1.135" /><testcase classname="backend.tests.test_iter2_features.TestAdminAreas" name="test_add_remove_area" time="0.297" /><testcase classname="backend.tests.test_iter2_features.TestSellerSettings" name="test_settings_persist" time="0.161" /><testcase classname="backend.tests.test_iter2_features.TestSellerSettings" name="test_auto_hide_out_of_stock" time="1.238" /><testcase classname="backend.tests.test_iter2_features.TestCustomerSettings" name="test_persist" time="0.168" /><testcase classname="backend.tests.test_iter2_features.TestFavorites" name="test_add_list_dup_remove" time="1.084" /><testcase classname="backend.tests.test_iter2_features.TestKindFilters" name="test_retail_count" time="0.132" /><testcase classname="backend.tests.test_iter2_features.TestKindFilters" name="test_wholesale_count" time="0.175" /><testcase classname="backend.tests.test_iter2_features.TestKindFilters" name="test_wholesale_products" time="0.184" /><testcase classname="backend.tests.test_iter2_features.TestOrderValidation" name="test_missing_phone" time="0.120" /><testcase classname="backend.tests.test_iter2_features.TestOrderValidation" name="test_missing_area" time="0.193" /><testcase classname="backend.tests.test_iter2_features.TestOrderValidation" name="test_empty_items" time="0.136" /><testcase classname="backend.tests.test_iter2_features.TestOrderValidation" name="test_order_with_sides_subtotal" time="0.494" /><testcase classname="backend.tests.test_iter2_features.TestMaintenance" name="test_maintenance_blocks_customer" time="0.781" /><testcase classname="backend.tests.test_iter2_features.TestZForceLogout" name="test_force_logout_invalidates_old_tokens" time="31.428" /><testcase classname="backend.tests.test_iter3_features.TestAdminInvoices" name="test_list_shape" time="11.682" /><testcase classname="backend.tests.test_iter3_features.TestAdminInvoices" name="test_filter_paid" time="0.123" /><testcase classname="backend.tests.test_iter3_features.TestAdminInvoices" name="test_filter_unpaid" time="0.132" /><testcase classname="backend.tests.test_iter3_features.TestAdminInvoices" name="test_detail" time="0.257" /><testcase classname="backend.tests.test_iter3_features.TestAdminInvoices" name="test_detail_404" time="0.142" /><testcase classname="backend.tests.test_iter3_features.TestAdminInvoices" name="test_requires_admin" time="0.465" /><testcase classname="backend.tests.test_iter3_features.TestAdminInvoices" name="test_mark_paid_and_unpaid_persists" time="0.657" /><testcase classname="backend.tests.test_iter3_features.TestAdminInvoices" name="test_regenerate_idempotent_preserves_paid" time="5.771" /><testcase classname="backend.tests.test_iter3_features.TestCommissionRate" name="test_default_rate" time="0.194" /><testcase classname="backend.tests.test_iter3_features.TestCommissionRate" name="test_change_rate_then_regenerate" time="0.923" /><testcase classname="backend.tests.test_iter3_features.TestSellerInvoices" name="test_seller_gets_own" time="0.530" /><testcase classname="backend.tests.test_iter3_features.TestSellerInvoices" name="test_customer_forbidden" time="0.184" /><testcase classname="backend.tests.test_iter3_features.TestMetaCategories" name="test_food_subcategories" time="0.235" /><testcase classname="backend.tests.test_iter3_features.TestWholesaleProduct" name="test_create_wholesale_with_tiers" time="1.138" /><testcase classname="backend.tests.test_iter3_features.TestMenuItemFoodCategory" name="test_create_menu_with_food_category" time="1.140" /></testsuite></testsuites>