<?xml version="1.0" encoding="utf-8"?><testsuites name="pytest tests"><testsuite name="pytest" errors="0" failures="0" skipped="0" tests="8" time="10.356" timestamp="2026-07-03T00:49:24.505049+00:00" hostname="agent-env-d5e27b6a-5328-4a2c-8aed-082e069798dc"><testcase classname="backend.tests.test_iter19_seller_delivery_earning" name="test_health_ok" time="5.329" /><testcase classname="backend.tests.test_iter19_seller_delivery_earning" name="test_rest_seller_managed_earns_delivery" time="1.725" /><testcase classname="backend.tests.test_iter19_seller_delivery_earning" name="test_rest_admin_managed_no_delivery_earning" time="0.429" /><testcase classname="backend.tests.test_iter19_seller_delivery_earning" name="test_rest_default_admin_manages_false_seller_earns_delivery" time="0.424" /><testcase classname="backend.tests.test_iter19_seller_delivery_earning" name="test_rest_default_admin_manages_true_seller_no_delivery" time="0.425" /><testcase classname="backend.tests.test_iter19_seller_delivery_earning" name="test_rest_seller_managed_10pct_commission" time="0.426" /><testcase classname="backend.tests.test_iter19_seller_delivery_earning" name="test_marketplace_seller_managed_earns_delivery" time="0.318" /><testcase classname="backend.tests.test_iter19_seller_delivery_earning" name="test_marketplace_admin_managed_no_delivery_earning" time="0.965" /></testsuite></testsuites>