<?xml version="1.0" encoding="utf-8"?><testsuites name="pytest tests"><testsuite name="pytest" errors="0" failures="0" skipped="0" tests="20" time="43.044" timestamp="2026-07-08T20:22:02.232212+00:00" hostname="agent-env-d5e27b6a-5328-4a2c-8aed-082e069798dc"><testcase classname="backend.tests.test_iter30_wave1_badges.TestHealth" name="test_health" time="10.064" /><testcase classname="backend.tests.test_iter30_wave1_badges.TestHealth" name="test_admin_login" time="0.923" /><testcase classname="backend.tests.test_iter30_wave1_badges.TestShopsEnrichment" name="test_shops_flags" time="5.554" /><testcase classname="backend.tests.test_iter30_wave1_badges.TestRestaurantEnrichment" name="test_restaurant_promo_flags" time="0.606" /><testcase classname="backend.tests.test_iter30_wave1_badges.TestProductLTGToggle" name="test_admin_toggle_product_ltg_on" time="0.480" /><testcase classname="backend.tests.test_iter30_wave1_badges.TestProductLTGToggle" name="test_ltg_products_sort_first" time="0.781" /><testcase classname="backend.tests.test_iter30_wave1_badges.TestProductLTGToggle" name="test_product_ltg_404" time="0.374" /><testcase classname="backend.tests.test_iter30_wave1_badges.TestProductLTGToggle" name="test_product_ltg_403_customer" time="3.089" /><testcase classname="backend.tests.test_iter30_wave1_badges.TestProductLTGToggle" name="test_product_ltg_403_seller" time="0.260" /><testcase classname="backend.tests.test_iter30_wave1_badges.TestProductLTGToggle" name="test_toggle_off_persistence" time="0.738" /><testcase classname="backend.tests.test_iter30_wave1_badges.TestFavoritesOrphanCleanup" name="test_favorites_happy_path" time="0.936" /><testcase classname="backend.tests.test_iter30_wave1_badges.TestFavoritesOrphanCleanup" name="test_hard_delete_product_orphan_cleanup" time="1.462" /><testcase classname="backend.tests.test_iter30_wave1_badges.TestFavoritesOrphanCleanup" name="test_soft_delete_shop_hidden_from_favorites" time="1.361" /><testcase classname="backend.tests.test_iter30_wave1_badges.TestWholesaleFilter" name="test_wholesale_true_only" time="0.780" /><testcase classname="backend.tests.test_iter30_wave1_badges.TestWholesaleFilter" name="test_wholesale_false_only" time="0.782" /><testcase classname="backend.tests.test_iter30_wave1_badges.TestLTGRegression" name="test_shop_ltg_toggle_regression" time="1.200" /><testcase classname="backend.tests.test_iter30_wave1_badges.TestLTGRegression" name="test_restaurant_ltg_toggle_regression" time="0.736" /><testcase classname="backend.tests.test_iter30_wave1_badges.TestNoProductShopRegression" name="test_empty_shop_defaults" time="0.570" /><testcase classname="backend.tests.test_iter30_wave1_badges.TestPromoSectionsRegression" name="test_bogo_promo_free_qty" time="2.488" /><testcase classname="backend.tests.test_iter30_wave1_badges.TestPromoSectionsRegression" name="test_sections_11_rejected" time="9.689" /></testsuite></testsuites>