<?xml version="1.0" encoding="utf-8"?><testsuites name="pytest tests"><testsuite name="pytest" errors="0" failures="0" skipped="0" tests="19" time="24.278" timestamp="2026-07-08T21:31:56.660264+00:00" hostname="agent-env-d5e27b6a-5328-4a2c-8aed-082e069798dc"><testcase classname="backend.tests.test_iter30_wave2_badge_filters.TestHealth" name="test_health" time="0.142" /><testcase classname="backend.tests.test_iter30_wave2_badge_filters.TestShopBadgeFilters" name="test_no_filter_returns_enriched" time="3.687" /><testcase classname="backend.tests.test_iter30_wave2_badge_filters.TestShopBadgeFilters" name="test_ltg_true" time="0.787" /><testcase classname="backend.tests.test_iter30_wave2_badge_filters.TestShopBadgeFilters" name="test_deals_true" time="0.784" /><testcase classname="backend.tests.test_iter30_wave2_badge_filters.TestShopBadgeFilters" name="test_wholesale_true" time="0.787" /><testcase classname="backend.tests.test_iter30_wave2_badge_filters.TestShopBadgeFilters" name="test_verified_true" time="0.798" /><testcase classname="backend.tests.test_iter30_wave2_badge_filters.TestShopBadgeFilters" name="test_ltg_and_deals_intersection" time="0.819" /><testcase classname="backend.tests.test_iter30_wave2_badge_filters.TestRestaurantBadgeFilters" name="test_ltg_true" time="0.382" /><testcase classname="backend.tests.test_iter30_wave2_badge_filters.TestRestaurantBadgeFilters" name="test_deals_true" time="0.362" /><testcase classname="backend.tests.test_iter30_wave2_badge_filters.TestRestaurantBadgeFilters" name="test_verified_true" time="0.362" /><testcase classname="backend.tests.test_iter30_wave2_badge_filters.TestProductBadgeFilters" name="test_ltg_true" time="0.780" /><testcase classname="backend.tests.test_iter30_wave2_badge_filters.TestProductBadgeFilters" name="test_deals_true_excludes_expired" time="0.785" /><testcase classname="backend.tests.test_iter30_wave2_badge_filters.TestFeaturedProducts" name="test_basic_shape" time="0.784" /><testcase classname="backend.tests.test_iter30_wave2_badge_filters.TestFeaturedProducts" name="test_only_verified_shops" time="0.885" /><testcase classname="backend.tests.test_iter30_wave2_badge_filters.TestFeaturedProducts" name="test_ltg_boost_priority" time="0.781" /><testcase classname="backend.tests.test_iter30_wave2_badge_filters.TestCompositeRanking" name="test_shops_order_A_before_B_before_C" time="0.787" /><testcase classname="backend.tests.test_iter30_wave2_badge_filters.TestRegressions" name="test_shops_still_enriched" time="0.793" /><testcase classname="backend.tests.test_iter30_wave2_badge_filters.TestRegressions" name="test_restaurants_alias_flags" time="0.365" /><testcase classname="backend.tests.test_iter30_wave2_badge_filters.TestRegressions" name="test_featured_empty_when_no_verified" time="9.246" /></testsuite></testsuites>