<?xml version="1.0" encoding="utf-8"?><testsuites name="pytest tests"><testsuite name="pytest" errors="0" failures="0" skipped="0" tests="12" time="19.909" timestamp="2026-07-03T00:16:57.772772+00:00" hostname="agent-env-d5e27b6a-5328-4a2c-8aed-082e069798dc"><testcase classname="backend.tests.test_iter17_redaction_and_delivery" name="test_seller_rest_cod_exposes_A_redacts_B" time="10.103" /><testcase classname="backend.tests.test_iter17_redaction_and_delivery" name="test_kitchen_A_exposes_contacts" time="0.525" /><testcase classname="backend.tests.test_iter17_redaction_and_delivery" name="test_kitchen_B_redacts_contacts" time="0.509" /><testcase classname="backend.tests.test_iter17_redaction_and_delivery" name="test_single_restaurant_order_A_exposes" time="0.540" /><testcase classname="backend.tests.test_iter17_redaction_and_delivery" name="test_single_restaurant_order_B_redacts" time="0.547" /><testcase classname="backend.tests.test_iter17_redaction_and_delivery" name="test_orders_seller_S_exposes_T_redacts" time="0.929" /><testcase classname="backend.tests.test_iter17_redaction_and_delivery" name="test_seller_splits_S_exposes_T_redacts" time="0.615" /><testcase classname="backend.tests.test_iter17_redaction_and_delivery" name="test_admin_sees_full_contacts_everywhere" time="1.507" /><testcase classname="backend.tests.test_iter17_redaction_and_delivery" name="test_customer_name_never_redacted" time="0.513" /><testcase classname="backend.tests.test_iter17_redaction_and_delivery" name="test_platform_toggle_off_default_exposes" time="0.719" /><testcase classname="backend.tests.test_iter17_redaction_and_delivery" name="test_platform_toggle_on_default_redacts" time="0.830" /><testcase classname="backend.tests.test_iter17_redaction_and_delivery" name="test_platform_toggle_single_order_default" time="2.410" /></testsuite></testsuites>