<?xml version="1.0" encoding="utf-8"?><testsuites name="pytest tests"><testsuite name="pytest" errors="0" failures="3" skipped="0" tests="22" time="59.184" timestamp="2026-07-09T09:14:40.079100+00:00" hostname="agent-env-d5e27b6a-5328-4a2c-8aed-082e069798dc"><testcase classname="backend.tests.test_iter32_category_hierarchy" name="test_health" time="9.662" /><testcase classname="backend.tests.test_iter32_category_hierarchy" name="test_backfill_path_depth_populated" time="1.340" /><testcase classname="backend.tests.test_iter32_category_hierarchy.TestCreateNested" name="test_level3_create" time="2.615" /><testcase classname="backend.tests.test_iter32_category_hierarchy" name="test_max_depth_enforced" time="6.470" /><testcase classname="backend.tests.test_iter32_category_hierarchy.TestMoveCategory" name="test_move_refreshes_subtree" time="4.731"><failure message="AssertionError: assert ['1d11004b-85...0aa3f633738a'] == ['12cd1ef4-07...f946a7d72b14']&#10;  &#10;  At index 0 diff: '1d11004b-8552-417e-969c-0aa3f633738a' != '12cd1ef4-07c7-44bd-8ed0-f946a7d72b14'&#10;  &#10;  Full diff:&#10;    [&#10;  -     '12cd1ef4-07c7-44bd-8ed0-f946a7d72b14',&#10;  +     '1d11004b-8552-417e-969c-0aa3f633738a',&#10;    ]">backend/tests/test_iter32_category_hierarchy.py:202: in test_move_refreshes_subtree
    assert moved["path"] == [d["id"]]
E   AssertionError: assert ['1d11004b-85...0aa3f633738a'] == ['12cd1ef4-07...f946a7d72b14']
E     
E     At index 0 diff: '1d11004b-8552-417e-969c-0aa3f633738a' != '12cd1ef4-07c7-44bd-8ed0-f946a7d72b14'
E     
E     Full diff:
E       [
E     -     '12cd1ef4-07c7-44bd-8ed0-f946a7d72b14',
E     +     '1d11004b-8552-417e-969c-0aa3f633738a',
E       ]</failure></testcase><testcase classname="backend.tests.test_iter32_category_hierarchy.TestMoveCategory" name="test_cycle_prevention" time="2.077" /><testcase classname="backend.tests.test_iter32_category_hierarchy.TestMoveCategory" name="test_self_parent_prevented" time="1.150" /><testcase classname="backend.tests.test_iter32_category_hierarchy.TestMoveCategory" name="test_move_to_root" time="2.385"><failure message="assert 1 == 0">backend/tests/test_iter32_category_hierarchy.py:235: in test_move_to_root
    assert node["depth"] == 0
E   assert 1 == 0</failure></testcase><testcase classname="backend.tests.test_iter32_category_hierarchy" name="test_breadcrumb_l3" time="4.000" /><testcase classname="backend.tests.test_iter32_category_hierarchy" name="test_force_delete_cascade" time="5.597" /><testcase classname="backend.tests.test_iter32_category_hierarchy.TestPutReparent" name="test_put_with_parent_id_reparents" time="5.099"><failure message="AssertionError: ['2421adcc-eb49-4f71-844d-4aa0621c1e8a', '7cdc84d2-a85f-4e0e-9159-360f51cba0e1', '7bdb2273-9ed3-4ea6-834d-5860ad239bee']&#10;assert ['2421adcc-eb...5860ad239bee'] == ['0b0a760f-04...5860ad239bee']&#10;  &#10;  At index 0 diff: '2421adcc-eb49-4f71-844d-4aa0621c1e8a' != '0b0a760f-0496-4ab8-bbe9-0a09c3ee4a15'&#10;  &#10;  Full diff:&#10;    [&#10;  -     '0b0a760f-0496-4ab8-bbe9-0a09c3ee4a15',&#10;  +     '2421adcc-eb49-4f71-844d-4aa0621c1e8a',...&#10;  &#10;  ...Full output truncated (3 lines hidden), use '-vv' to show">backend/tests/test_iter32_category_hierarchy.py:301: in test_put_with_parent_id_reparents
    assert ids == [b["id"], c["id"], gc["id"]], ids
E   AssertionError: ['2421adcc-eb49-4f71-844d-4aa0621c1e8a', '7cdc84d2-a85f-4e0e-9159-360f51cba0e1', '7bdb2273-9ed3-4ea6-834d-5860ad239bee']
E   assert ['2421adcc-eb...5860ad239bee'] == ['0b0a760f-04...5860ad239bee']
E     
E     At index 0 diff: '2421adcc-eb49-4f71-844d-4aa0621c1e8a' != '0b0a760f-0496-4ab8-bbe9-0a09c3ee4a15'
E     
E     Full diff:
E       [
E     -     '0b0a760f-0496-4ab8-bbe9-0a09c3ee4a15',
E     +     '2421adcc-eb49-4f71-844d-4aa0621c1e8a',...
E     
E     ...Full output truncated (3 lines hidden), use '-vv' to show</failure></testcase><testcase classname="backend.tests.test_iter32_category_hierarchy.TestPutReparent" name="test_put_name_only_doesnt_move" time="2.162" /><testcase classname="backend.tests.test_iter32_category_hierarchy" name="test_products_list_regression" time="0.795" /><testcase classname="backend.tests.test_iter32_category_hierarchy" name="test_categories_tree_regression" time="0.453" /><testcase classname="backend.tests.test_iter32_category_hierarchy.TestAdminGuard" name="test_non_admin_create_forbidden" time="3.073" /><testcase classname="backend.tests.test_iter32_category_hierarchy.TestAdminGuard" name="test_non_admin_move_forbidden" time="0.808" /><testcase classname="backend.tests.test_iter32_category_hierarchy.TestAdminGuard" name="test_non_admin_delete_forbidden" time="0.803" /><testcase classname="backend.tests.test_iter32_category_hierarchy.TestAdminGuard" name="test_non_admin_put_forbidden" time="0.809" /><testcase classname="backend.tests.test_iter32_category_hierarchy.TestSectionLimit20" name="test_20_sections_accepted" time="2.825" /><testcase classname="backend.tests.test_iter32_category_hierarchy.TestSectionLimit20" name="test_21_sections_rejected" time="0.352" /><testcase classname="backend.tests.test_iter32_category_hierarchy.TestRestaurantSectionLimit20" name="test_20_menu_sections_ok" time="0.710" /><testcase classname="backend.tests.test_iter32_category_hierarchy.TestRestaurantSectionLimit20" name="test_21_menu_sections_rejected" time="1.052" /></testsuite></testsuites>