<?xml version="1.0" encoding="utf-8"?><testsuites name="pytest tests"><testsuite name="pytest" errors="0" failures="0" skipped="0" tests="16" time="19.669" timestamp="2026-07-03T14:23:38.377270+00:00" hostname="agent-env-d5e27b6a-5328-4a2c-8aed-082e069798dc"><testcase classname="backend.tests.test_iter21_wallet_hours_prep_cancel" name="test_health_ok" time="1.126" /><testcase classname="backend.tests.test_iter21_wallet_hours_prep_cancel" name="test_seller_splits_enrich_exchange_rate" time="5.142" /><testcase classname="backend.tests.test_iter21_wallet_hours_prep_cancel" name="test_seller_rest_cod_enrich_exchange_rate" time="0.820" /><testcase classname="backend.tests.test_iter21_wallet_hours_prep_cancel" name="test_shop_default_seller_when_admin_manages_false" time="0.636" /><testcase classname="backend.tests.test_iter21_wallet_hours_prep_cancel" name="test_shop_default_admin_when_admin_manages_true" time="0.767" /><testcase classname="backend.tests.test_iter21_wallet_hours_prep_cancel" name="test_shop_explicit_admin_preserved" time="0.628" /><testcase classname="backend.tests.test_iter21_wallet_hours_prep_cancel" name="test_restaurant_default_seller_when_admin_manages_false" time="0.637" /><testcase classname="backend.tests.test_iter21_wallet_hours_prep_cancel" name="test_restaurant_default_admin_when_admin_manages_true" time="0.735" /><testcase classname="backend.tests.test_iter21_wallet_hours_prep_cancel" name="test_restaurant_explicit_admin_preserved" time="0.670" /><testcase classname="backend.tests.test_iter21_wallet_hours_prep_cancel" name="test_cancel_ready_for_pickup_seller_managed_ok" time="0.929" /><testcase classname="backend.tests.test_iter21_wallet_hours_prep_cancel" name="test_cancel_ready_for_pickup_admin_managed_blocked" time="0.517" /><testcase classname="backend.tests.test_iter21_wallet_hours_prep_cancel" name="test_restaurant_all_days_closed_is_open_effective_false" time="1.116" /><testcase classname="backend.tests.test_iter21_wallet_hours_prep_cancel" name="test_restaurant_put_all_day_open_effective_true" time="1.662" /><testcase classname="backend.tests.test_iter21_wallet_hours_prep_cancel" name="test_restaurant_default_no_auto_close_mirrors_is_open" time="1.064" /><testcase classname="backend.tests.test_iter21_wallet_hours_prep_cancel" name="test_menu_item_prep_time_persists" time="1.255" /><testcase classname="backend.tests.test_iter21_wallet_hours_prep_cancel" name="test_menu_item_without_prep_time" time="1.801" /></testsuite></testsuites>