<?xml version="1.0" encoding="utf-8"?><testsuites name="pytest tests"><testsuite name="pytest" errors="0" failures="0" skipped="0" tests="18" time="19.023" timestamp="2026-07-03T19:42:10.502752+00:00" hostname="agent-env-d5e27b6a-5328-4a2c-8aed-082e069798dc"><testcase classname="backend.tests.test_iter22_odoo_enriched.TestHealth" name="test_odoo_health" time="7.651" /><testcase classname="backend.tests.test_iter22_odoo_enriched.TestAuth" name="test_admin_login" time="0.931" /><testcase classname="backend.tests.test_iter22_odoo_enriched.TestServiceToken" name="test_status_admin_only" time="0.533" /><testcase classname="backend.tests.test_iter22_odoo_enriched.TestServiceToken" name="test_generate_or_rotate" time="0.839" /><testcase classname="backend.tests.test_iter22_odoo_enriched.TestServiceToken" name="test_rotate_returns_new_token" time="0.473" /><testcase classname="backend.tests.test_iter22_odoo_enriched.TestPendingEndpoints" name="test_products_pending" time="0.460" /><testcase classname="backend.tests.test_iter22_odoo_enriched.TestPendingEndpoints" name="test_delivery_updates_pending" time="0.456" /><testcase classname="backend.tests.test_iter22_odoo_enriched.TestPendingEndpoints" name="test_payout_summaries_pending" time="0.366" /><testcase classname="backend.tests.test_iter22_odoo_enriched.TestPendingEndpoints" name="test_driver_cash_pending" time="0.363" /><testcase classname="backend.tests.test_iter22_odoo_enriched.TestPendingEndpoints" name="test_orders_pending_empty" time="0.665" /><testcase classname="backend.tests.test_iter22_odoo_enriched.TestOrdersPendingEnrichment" name="test_enriched_envelope" time="2.532" /><testcase classname="backend.tests.test_iter22_odoo_enriched.TestOrdersPendingEnrichment" name="test_disabled_shop_not_returned" time="1.087" /><testcase classname="backend.tests.test_iter22_odoo_enriched.TestStatusUpdateWebhook" name="test_missing_token_header" time="0.153" /><testcase classname="backend.tests.test_iter22_odoo_enriched.TestStatusUpdateWebhook" name="test_admin_jwt_alone_rejected" time="0.154" /><testcase classname="backend.tests.test_iter22_odoo_enriched.TestStatusUpdateWebhook" name="test_invalid_token" time="0.253" /><testcase classname="backend.tests.test_iter22_odoo_enriched.TestStatusUpdateWebhook" name="test_valid_token_unmatched_restaurant_order" time="0.703" /><testcase classname="backend.tests.test_iter22_odoo_enriched.TestStatusUpdateWebhook" name="test_valid_token_matches_seller_split" time="0.881" /><testcase classname="backend.tests.test_iter22_odoo_enriched.TestStatusUpdateWebhook" name="test_missing_body_fields" time="0.358" /></testsuite></testsuites>