<?xml version="1.0" encoding="utf-8"?><testsuites name="pytest tests"><testsuite name="pytest" errors="0" failures="0" skipped="0" tests="6" time="6.778" timestamp="2026-05-13T13:05:56.768380+00:00" hostname="agent-env-9c4e9d3c-56e2-43e5-975e-ed787dda7ff9"><testcase classname="tests.test_iter9_features.TestCustomerNote" name="test_note_persisted_on_restaurant_order" time="2.224" /><testcase classname="tests.test_iter9_features.TestAutoAssignDriver" name="test_ready_for_pickup_auto_assigns_offered" time="0.882" /><testcase classname="tests.test_iter9_features.TestDriverAccept" name="test_driver_accept_offer" time="0.636" /><testcase classname="tests.test_iter9_features.TestDriverDecline" name="test_decline_reoffers_to_next_driver" time="1.655" /><testcase classname="tests.test_iter9_features.TestDriverDecline" name="test_single_driver_fallback_unassigned" time="0.628" /><testcase classname="tests.test_iter9_features.TestDriverAssignmentsListing" name="test_offered_orders_in_listing" time="0.609" /></testsuite></testsuites>