<?xml version="1.0" encoding="utf-8"?><testsuites name="pytest tests"><testsuite name="pytest" errors="0" failures="0" skipped="0" tests="8" time="21.639" timestamp="2026-07-04T14:43:31.115191+00:00" hostname="agent-env-d5e27b6a-5328-4a2c-8aed-082e069798dc"><testcase classname="backend.tests.test_iter24_analytics_channels.TestAdminRegression" name="test_admin_login_200" time="1.129" /><testcase classname="backend.tests.test_iter24_analytics_channels.TestAdminRegression" name="test_odoo_pending_200" time="0.668" /><testcase classname="backend.tests.test_iter24_analytics_channels.TestSellerAnalyticsByChannel" name="test_by_channel_shape_and_math" time="3.706" /><testcase classname="backend.tests.test_iter24_analytics_channels.TestEnrichBackfillsDeliveryManagedBy" name="test_backfill_seller_from_shop" time="1.083" /><testcase classname="backend.tests.test_iter24_analytics_channels.TestEnrichBackfillsDeliveryManagedBy" name="test_backfill_admin_from_shop" time="1.087" /><testcase classname="backend.tests.test_iter24_analytics_channels.TestEnrichBackfillsDeliveryManagedBy" name="test_backfill_platform_default_when_missing" time="1.186" /><testcase classname="backend.tests.test_iter24_analytics_channels.TestRestaurantOrderPersistsDeliveryManagedBy" name="test_created_restaurant_order_has_dmb" time="5.010" /><testcase classname="backend.tests.test_iter24_analytics_channels.TestOrdersMineExchangeRateSSPRegression" name="test_order_level_exchange_rate_ssp" time="7.644" /></testsuite></testsuites>