<?xml version="1.0" encoding="utf-8"?><testsuites name="pytest tests"><testsuite name="pytest" errors="0" failures="0" skipped="0" tests="8" time="13.953" timestamp="2026-07-01T21:20:18.426178+00:00" hostname="agent-env-d5e27b6a-5328-4a2c-8aed-082e069798dc"><testcase classname="backend.tests.test_seller_onboarding.TestOnboardingProgress" name="test_get_progress_returns_9_steps" time="8.320" /><testcase classname="backend.tests.test_seller_onboarding.TestOnboardingProgress" name="test_auto_flags" time="0.575" /><testcase classname="backend.tests.test_seller_onboarding.TestCompleteUncheckStep" name="test_complete_orders_increases_percent" time="1.259" /><testcase classname="backend.tests.test_seller_onboarding.TestCompleteUncheckStep" name="test_uncheck_orders_reverts" time="1.359" /><testcase classname="backend.tests.test_seller_onboarding.TestCompleteUncheckStep" name="test_unknown_step_id_rejected" time="0.265" /><testcase classname="backend.tests.test_seller_onboarding.TestWizardTour" name="test_dismiss_wizard" time="0.961" /><testcase classname="backend.tests.test_seller_onboarding.TestWizardTour" name="test_complete_tour" time="0.941" /><testcase classname="backend.tests.test_seller_onboarding.TestAuth" name="test_progress_requires_auth" time="0.197" /></testsuite></testsuites>