<?xml version="1.0" encoding="utf-8"?><testsuites name="pytest tests"><testsuite name="pytest" errors="0" failures="0" skipped="0" tests="25" time="8.373" timestamp="2026-05-05T00:35:33.124033+00:00" hostname="agent-env-225feb92-e195-45b9-854f-a5ce386de910"><testcase classname="backend.tests.backend_test.TestMeta" name="test_health" time="0.297" /><testcase classname="backend.tests.backend_test.TestMeta" name="test_areas" time="0.140" /><testcase classname="backend.tests.backend_test.TestAuth" name="test_login_admin" time="0.336" /><testcase classname="backend.tests.backend_test.TestAuth" name="test_login_seller" time="0.356" /><testcase classname="backend.tests.backend_test.TestAuth" name="test_login_customer" time="0.350" /><testcase classname="backend.tests.backend_test.TestAuth" name="test_login_wrong_password" time="0.346" /><testcase classname="backend.tests.backend_test.TestAuth" name="test_me_with_bearer" time="0.581" /><testcase classname="backend.tests.backend_test.TestAuth" name="test_me_unauthenticated" time="0.178" /><testcase classname="backend.tests.backend_test.TestListings" name="test_shops_count_and_order" time="0.138" /><testcase classname="backend.tests.backend_test.TestListings" name="test_shops_filter_electronics" time="0.210" /><testcase classname="backend.tests.backend_test.TestListings" name="test_products_count" time="0.120" /><testcase classname="backend.tests.backend_test.TestListings" name="test_restaurants" time="0.165" /><testcase classname="backend.tests.backend_test.TestListings" name="test_restaurant_menu" time="0.257" /><testcase classname="backend.tests.backend_test.TestCustomerOrders" name="test_place_order_and_list_mine" time="0.418" /><testcase classname="backend.tests.backend_test.TestSellerFlow" name="test_seller_shop_product_crud" time="1.330" /><testcase classname="backend.tests.backend_test.TestSellerFlow" name="test_exchange_rate" time="0.369" /><testcase classname="backend.tests.backend_test.TestSellerFlow" name="test_seller_orders_endpoint" time="0.157" /><testcase classname="backend.tests.backend_test.TestSellerFlow" name="test_seller_can_update_order_status" time="0.364" /><testcase classname="backend.tests.backend_test.TestAdmin" name="test_verify_and_reject_shop" time="0.922" /><testcase classname="backend.tests.backend_test.TestAdmin" name="test_block_unblock_email" time="0.528" /><testcase classname="backend.tests.backend_test.TestAdmin" name="test_cannot_block_demo_account" time="0.131" /><testcase classname="backend.tests.backend_test.TestAdmin" name="test_admin_orders_list" time="0.129" /><testcase classname="backend.tests.backend_test.TestRBAC" name="test_customer_blocked_from_admin" time="0.149" /><testcase classname="backend.tests.backend_test.TestRBAC" name="test_customer_blocked_from_seller_orders" time="0.103" /><testcase classname="backend.tests.backend_test.TestRBAC" name="test_customer_blocked_from_admin_block_email" time="0.141" /></testsuite></testsuites>