<?xml version="1.0" encoding="utf-8"?><testsuites name="pytest tests"><testsuite name="pytest" errors="0" failures="0" skipped="0" tests="43" time="60.341" timestamp="2026-05-05T02:09:57.536501+00:00" hostname="agent-env-225feb92-e195-45b9-854f-a5ce386de910"><testcase classname="backend.tests.backend_test.TestMeta" name="test_health" time="0.221" /><testcase classname="backend.tests.backend_test.TestMeta" name="test_areas" time="0.101" /><testcase classname="backend.tests.backend_test.TestAuth" name="test_login_admin" time="0.351" /><testcase classname="backend.tests.backend_test.TestAuth" name="test_login_seller" time="0.355" /><testcase classname="backend.tests.backend_test.TestAuth" name="test_login_customer" time="0.349" /><testcase classname="backend.tests.backend_test.TestAuth" name="test_login_wrong_password" time="0.352" /><testcase classname="backend.tests.backend_test.TestAuth" name="test_me_with_bearer" time="0.479" /><testcase classname="backend.tests.backend_test.TestAuth" name="test_me_unauthenticated" time="0.134" /><testcase classname="backend.tests.backend_test.TestListings" name="test_shops_count_and_order" time="0.148" /><testcase classname="backend.tests.backend_test.TestListings" name="test_shops_filter_electronics" time="0.101" /><testcase classname="backend.tests.backend_test.TestListings" name="test_products_count" time="0.122" /><testcase classname="backend.tests.backend_test.TestListings" name="test_restaurants" time="0.139" /><testcase classname="backend.tests.backend_test.TestListings" name="test_restaurant_menu" time="0.239" /><testcase classname="backend.tests.backend_test.TestCustomerOrders" name="test_place_order_and_list_mine" time="0.388" /><testcase classname="backend.tests.backend_test.TestSellerFlow" name="test_seller_shop_product_crud" time="1.154" /><testcase classname="backend.tests.backend_test.TestSellerFlow" name="test_exchange_rate" time="0.417" /><testcase classname="backend.tests.backend_test.TestSellerFlow" name="test_seller_orders_endpoint" time="0.138" /><testcase classname="backend.tests.backend_test.TestSellerFlow" name="test_seller_can_update_order_status" time="0.359" /><testcase classname="backend.tests.backend_test.TestAdmin" name="test_verify_and_reject_shop" time="0.878" /><testcase classname="backend.tests.backend_test.TestAdmin" name="test_block_unblock_email" time="0.529" /><testcase classname="backend.tests.backend_test.TestAdmin" name="test_cannot_block_demo_account" time="0.120" /><testcase classname="backend.tests.backend_test.TestAdmin" name="test_admin_orders_list" time="0.108" /><testcase classname="backend.tests.backend_test.TestRBAC" name="test_customer_blocked_from_admin" time="0.124" /><testcase classname="backend.tests.backend_test.TestRBAC" name="test_customer_blocked_from_seller_orders" time="0.140" /><testcase classname="backend.tests.backend_test.TestRBAC" name="test_customer_blocked_from_admin_block_email" time="0.132" /><testcase classname="backend.tests.test_iter2_features.TestPublicSettings" name="test_public_settings_shape" time="0.175" /><testcase classname="backend.tests.test_iter2_features.TestAdminSettings" name="test_admin_settings_requires_admin" time="0.469" /><testcase classname="backend.tests.test_iter2_features.TestAdminSettings" name="test_admin_settings_full" time="0.465" /><testcase classname="backend.tests.test_iter2_features.TestAdminSettings" name="test_auto_approve_shops_persistence" time="0.850" /><testcase classname="backend.tests.test_iter2_features.TestAdminAreas" name="test_add_remove_area" time="0.270" /><testcase classname="backend.tests.test_iter2_features.TestSellerSettings" name="test_settings_persist" time="0.120" /><testcase classname="backend.tests.test_iter2_features.TestSellerSettings" name="test_auto_hide_out_of_stock" time="0.877" /><testcase classname="backend.tests.test_iter2_features.TestCustomerSettings" name="test_persist" time="0.108" /><testcase classname="backend.tests.test_iter2_features.TestFavorites" name="test_add_list_dup_remove" time="0.759" /><testcase classname="backend.tests.test_iter2_features.TestKindFilters" name="test_retail_count" time="0.150" /><testcase classname="backend.tests.test_iter2_features.TestKindFilters" name="test_wholesale_count" time="0.106" /><testcase classname="backend.tests.test_iter2_features.TestKindFilters" name="test_wholesale_products" time="0.152" /><testcase classname="backend.tests.test_iter2_features.TestOrderValidation" name="test_missing_phone" time="16.193" /><testcase classname="backend.tests.test_iter2_features.TestOrderValidation" name="test_missing_area" time="18.407" /><testcase classname="backend.tests.test_iter2_features.TestOrderValidation" name="test_empty_items" time="0.169" /><testcase classname="backend.tests.test_iter2_features.TestOrderValidation" name="test_order_with_sides_subtotal" time="11.653" /><testcase classname="backend.tests.test_iter2_features.TestMaintenance" name="test_maintenance_blocks_customer" time="0.607" /><testcase classname="backend.tests.test_iter2_features.TestZForceLogout" name="test_force_logout_invalidates_old_tokens" time="1.152" /></testsuite></testsuites>